Start testing: Jun 11 16:03 MDT
----------------------------------------------------------
1/2 Testing: analyze_functional_CompMin3D_Krino_bracket
1/2 Test: analyze_functional_CompMin3D_Krino_bracket
Command: "/ceeGPFS/fgs/bwclark/plato_move_krino_to_pe/plato/spack/opt/spack/linux-rhel8-x86_64/gcc-10.2.0/cmake-3.27.7-j2xc4oeifp627hntfcj5ywtyv2kwmhqy/bin/cmake" "-DTEST_COMMAND=plato input.i" "-DOUT_FILE=ROL_Optimizer.txt" "-DGOLD_FILE=ROL_Optimizer.txt.gold" "-DNUMDIFF_COMMAND=numdiff" "-DNUMDIFF_ABSOLUTE=FALSE" "-DNUMDIFF_TOLERANCE=1e-4" "-DNDSELECT_OPTIONS=" "-P" "/ceeGPFS/fgs/bwclark/plato_move_krino_to_pe/plato/platoanalyze/spack-build-uc6pk4l/integration_tests/analyze/utilities/cmake/runnumdifftest.cmake"
Directory: /ceeGPFS/fgs/bwclark/plato_move_krino_to_pe/plato/platoanalyze/spack-build-uc6pk4l/integration_tests/analyze/functional/CompMin3D_Krino_bracket
"analyze_functional_CompMin3D_Krino_bracket" start time: Jun 11 16:03 MDT
Output:
----------------------------------------------------------
Running the command:
plato input.i
plato input.i
Warning: The stk::mesh::Cartesian3d type is deprecated and will soon be removed.
Warning: The stk::mesh::ElementNode type is deprecated and will soon be removed.
[time:     0.000 s, hwm: 68.91 M] Begin Mesh Decomposition.
[time:     0.005 s, hwm: 70.02 M] End Mesh Decomposition.
 Reading input File: plato_analyze_to.xml
 Reading input File: plato_analyze_vol.xml
[time:     0.184 s, hwm: 108.7 M] Begin Mesh Decomposition.
[time:     0.188 s, hwm: 108.7 M] End Mesh Decomposition.
Criterion Internal Elastic Energy value: 0.151
[time:     0.216 s, hwm: 122.2 M] Begin Mesh Decomposition.
[time:     0.219 s, hwm: 122.2 M] End Mesh Decomposition.
[time:     0.242 s, hwm:   130 M] Begin Mesh Decomposition.
[time:     0.245 s, hwm:   130 M] End Mesh Decomposition.
[time:     0.268 s, hwm:   130 M] Begin Mesh Decomposition.
[time:     0.274 s, hwm:   130 M] End Mesh Decomposition.
Criterion Internal Elastic Energy value: 0.152
[time:     0.303 s, hwm: 134.2 M] Begin Mesh Decomposition.
[time:     0.307 s, hwm: 134.2 M] End Mesh Decomposition.
Criterion Internal Elastic Energy value: 0.151
[time:     0.334 s, hwm: 134.2 M] Begin Mesh Decomposition.
[time:     0.337 s, hwm: 134.2 M] End Mesh Decomposition.
Criterion Internal Elastic Energy value: 0.151
[time:     0.362 s, hwm: 134.2 M] Begin Mesh Decomposition.
[time:     0.366 s, hwm: 134.2 M] End Mesh Decomposition.
Criterion Internal Elastic Energy value: 0.151
[time:     0.393 s, hwm: 134.2 M] Begin Mesh Decomposition.
[time:     0.396 s, hwm: 134.2 M] End Mesh Decomposition.
Criterion Internal Elastic Energy value: 0.151
[time:     0.422 s, hwm: 134.2 M] Begin Mesh Decomposition.
[time:     0.426 s, hwm: 134.2 M] End Mesh Decomposition.
Criterion Internal Elastic Energy value: 0.151
[time:     0.450 s, hwm: 134.2 M] Begin Mesh Decomposition.
[time:     0.454 s, hwm: 134.2 M] End Mesh Decomposition.
Criterion Internal Elastic Energy value: 0.151
[time:     0.477 s, hwm: 134.2 M] Begin Mesh Decomposition.
[time:     0.481 s, hwm: 134.2 M] End Mesh Decomposition.
Criterion Internal Elastic Energy value: 0.151
[time:     0.504 s, hwm: 134.2 M] Begin Mesh Decomposition.
[time:     0.508 s, hwm: 134.2 M] End Mesh Decomposition.
Criterion Internal Elastic Energy value: 0.151
[time:     0.532 s, hwm: 134.2 M] Begin Mesh Decomposition.
[time:     0.536 s, hwm: 134.2 M] End Mesh Decomposition.
Criterion Internal Elastic Energy value: 0.151
[time:     0.564 s, hwm: 134.7 M] Begin Mesh Decomposition.
[time:     0.567 s, hwm: 134.7 M] End Mesh Decomposition.
Criterion Internal Elastic Energy value: 0.151
[time:     0.591 s, hwm: 134.7 M] Begin Mesh Decomposition.
[time:     0.595 s, hwm: 134.7 M] End Mesh Decomposition.
[time:     0.616 s, hwm: 134.7 M] Begin Mesh Decomposition.
[time:     0.619 s, hwm: 134.7 M] End Mesh Decomposition.
[time:     0.642 s, hwm: 134.7 M] Begin Mesh Decomposition.
[time:     0.645 s, hwm: 134.7 M] End Mesh Decomposition.
Criterion My Volume value: 0.958
[time:     0.671 s, hwm: 134.7 M] Begin Mesh Decomposition.
[time:     0.675 s, hwm: 134.7 M] End Mesh Decomposition.
[time:     0.693 s, hwm:   135 M] Begin Mesh Decomposition.
[time:     0.696 s, hwm:   135 M] End Mesh Decomposition.
[time:     0.719 s, hwm:   135 M] Begin Mesh Decomposition.
[time:     0.723 s, hwm:   135 M] End Mesh Decomposition.
[time:     0.742 s, hwm:   135 M] Begin Mesh Decomposition.
[time:     0.746 s, hwm:   135 M] End Mesh Decomposition.
[time:     0.771 s, hwm:   135 M] Begin Mesh Decomposition.
[time:     0.775 s, hwm:   135 M] End Mesh Decomposition.
Criterion Internal Elastic Energy value: 0.151
[time:     0.796 s, hwm:   135 M] Begin Mesh Decomposition.
[time:     0.800 s, hwm:   135 M] End Mesh Decomposition.
Criterion My Volume value: 0.958
[time:     0.818 s, hwm:   135 M] Begin Mesh Decomposition.
[time:     0.821 s, hwm:   135 M] End Mesh Decomposition.
[time:     0.842 s, hwm:   135 M] Begin Mesh Decomposition.
[time:     0.846 s, hwm:   135 M] End Mesh Decomposition.
[time:     0.867 s, hwm:   135 M] Begin Mesh Decomposition.
[time:     0.871 s, hwm:   135 M] End Mesh Decomposition.
[time:     0.888 s, hwm:   135 M] Begin Mesh Decomposition.
[time:     0.891 s, hwm:   135 M] End Mesh Decomposition.
[time:     0.913 s, hwm:   135 M] Begin Mesh Decomposition.
[time:     0.916 s, hwm:   135 M] End Mesh Decomposition.
[time:     0.936 s, hwm:   135 M] Begin Mesh Decomposition.
[time:     0.940 s, hwm:   135 M] End Mesh Decomposition.
[time:     0.961 s, hwm:   135 M] Begin Mesh Decomposition.
[time:     0.964 s, hwm:   135 M] End Mesh Decomposition.
[time:     0.993 s, hwm:   135 M] Begin Mesh Decomposition.
[time:     0.997 s, hwm:   135 M] End Mesh Decomposition.
[time:     1.019 s, hwm:   135 M] Begin Mesh Decomposition.
[time:     1.023 s, hwm:   135 M] End Mesh Decomposition.
[time:     1.040 s, hwm:   135 M] Begin Mesh Decomposition.
[time:     1.044 s, hwm:   135 M] End Mesh Decomposition.
[time:     1.065 s, hwm:   135 M] Begin Mesh Decomposition.
[time:     1.069 s, hwm:   135 M] End Mesh Decomposition.
[time:     1.087 s, hwm:   135 M] Begin Mesh Decomposition.
[time:     1.090 s, hwm:   135 M] End Mesh Decomposition.
[time:     1.113 s, hwm:   135 M] Begin Mesh Decomposition.
[time:     1.117 s, hwm:   135 M] End Mesh Decomposition.
[time:     1.135 s, hwm:   135 M] Begin Mesh Decomposition.
[time:     1.139 s, hwm:   135 M] End Mesh Decomposition.
[time:     1.160 s, hwm:   135 M] Begin Mesh Decomposition.
[time:     1.164 s, hwm:   135 M] End Mesh Decomposition.
[time:     1.189 s, hwm:   135 M] Begin Mesh Decomposition.
[time:     1.193 s, hwm:   135 M] End Mesh Decomposition.
[time:     1.215 s, hwm:   135 M] Begin Mesh Decomposition.
[time:     1.219 s, hwm:   135 M] End Mesh Decomposition.
[time:     1.248 s, hwm:   135 M] Begin Mesh Decomposition.
[time:     1.252 s, hwm:   135 M] End Mesh Decomposition.
[time:     1.275 s, hwm:   135 M] Begin Mesh Decomposition.
[time:     1.279 s, hwm:   135 M] End Mesh Decomposition.
[time:     1.307 s, hwm:   135 M] Begin Mesh Decomposition.
[time:     1.311 s, hwm:   135 M] End Mesh Decomposition.
[time:     1.334 s, hwm:   135 M] Begin Mesh Decomposition.
[time:     1.337 s, hwm:   135 M] End Mesh Decomposition.
[time:     1.362 s, hwm:   135 M] Begin Mesh Decomposition.
[time:     1.367 s, hwm:   135 M] End Mesh Decomposition.
[time:     1.389 s, hwm:   135 M] Begin Mesh Decomposition.
[time:     1.393 s, hwm:   135 M] End Mesh Decomposition.
[time:     1.410 s, hwm:   135 M] Begin Mesh Decomposition.
[time:     1.413 s, hwm:   135 M] End Mesh Decomposition.
[time:     1.436 s, hwm:   135 M] Begin Mesh Decomposition.
[time:     1.439 s, hwm:   135 M] End Mesh Decomposition.
[time:     1.457 s, hwm:   135 M] Begin Mesh Decomposition.
[time:     1.460 s, hwm:   135 M] End Mesh Decomposition.
[time:     1.482 s, hwm:   135 M] Begin Mesh Decomposition.
[time:     1.486 s, hwm:   135 M] End Mesh Decomposition.
[time:     1.510 s, hwm:   135 M] Begin Mesh Decomposition.
[time:     1.514 s, hwm:   135 M] End Mesh Decomposition.
[time:     1.536 s, hwm:   135 M] Begin Mesh Decomposition.
[time:     1.540 s, hwm:   135 M] End Mesh Decomposition.
[time:     1.568 s, hwm:   135 M] Begin Mesh Decomposition.
[time:     1.572 s, hwm:   135 M] End Mesh Decomposition.
[time:     1.593 s, hwm:   135 M] Begin Mesh Decomposition.
[time:     1.597 s, hwm:   135 M] End Mesh Decomposition.
[time:     1.624 s, hwm:   135 M] Begin Mesh Decomposition.
[time:     1.628 s, hwm:   135 M] End Mesh Decomposition.
[time:     1.651 s, hwm:   135 M] Begin Mesh Decomposition.
[time:     1.654 s, hwm:   135 M] End Mesh Decomposition.
[time:     1.680 s, hwm:   135 M] Begin Mesh Decomposition.
[time:     1.683 s, hwm:   135 M] End Mesh Decomposition.
[time:     1.705 s, hwm:   135 M] Begin Mesh Decomposition.
[time:     1.709 s, hwm:   135 M] End Mesh Decomposition.
[time:     1.729 s, hwm:   135 M] Begin Mesh Decomposition.
[time:     1.732 s, hwm:   135 M] End Mesh Decomposition.
[time:     1.754 s, hwm:   135 M] Begin Mesh Decomposition.
[time:     1.758 s, hwm:   135 M] End Mesh Decomposition.
[time:     1.775 s, hwm:   135 M] Begin Mesh Decomposition.
[time:     1.779 s, hwm:   135 M] End Mesh Decomposition.
[time:     1.802 s, hwm:   135 M] Begin Mesh Decomposition.
[time:     1.805 s, hwm:   135 M] End Mesh Decomposition.
[time:     1.830 s, hwm:   135 M] Begin Mesh Decomposition.
[time:     1.833 s, hwm:   135 M] End Mesh Decomposition.
[time:     1.856 s, hwm:   135 M] Begin Mesh Decomposition.
[time:     1.871 s, hwm:   135 M] End Mesh Decomposition.
Criterion Internal Elastic Energy value: 0.205
[time:     1.908 s, hwm: 138.3 M] Begin Mesh Decomposition.
[time:     1.924 s, hwm: 138.3 M] End Mesh Decomposition.
Criterion My Volume value: 0.757
[time:     1.961 s, hwm: 139.3 M] Begin Mesh Decomposition.
[time:     1.977 s, hwm: 139.3 M] End Mesh Decomposition.
[time:     2.004 s, hwm: 139.3 M] Begin Mesh Decomposition.
[time:     2.020 s, hwm: 139.3 M] End Mesh Decomposition.
[time:     2.046 s, hwm: 139.3 M] Begin Mesh Decomposition.
[time:     2.060 s, hwm: 139.3 M] End Mesh Decomposition.
[time:     2.080 s, hwm: 139.3 M] Begin Mesh Decomposition.
[time:     2.096 s, hwm: 139.3 M] End Mesh Decomposition.
[time:     2.120 s, hwm: 139.3 M] Begin Mesh Decomposition.
[time:     2.135 s, hwm: 139.3 M] End Mesh Decomposition.
[time:     2.162 s, hwm: 139.3 M] Begin Mesh Decomposition.
[time:     2.177 s, hwm: 139.3 M] End Mesh Decomposition.
[time:     2.222 s, hwm: 139.3 M] Begin Mesh Decomposition.
[time:     2.236 s, hwm: 139.3 M] End Mesh Decomposition.
[time:     2.279 s, hwm: 139.3 M] Begin Mesh Decomposition.
[time:     2.294 s, hwm: 139.3 M] End Mesh Decomposition.
[time:     2.320 s, hwm: 139.3 M] Begin Mesh Decomposition.
[time:     2.335 s, hwm: 139.3 M] End Mesh Decomposition.
[time:     2.355 s, hwm: 139.3 M] Begin Mesh Decomposition.
[time:     2.370 s, hwm: 139.3 M] End Mesh Decomposition.
[time:     2.397 s, hwm: 139.3 M] Begin Mesh Decomposition.
[time:     2.412 s, hwm: 139.3 M] End Mesh Decomposition.
[time:     2.431 s, hwm: 139.3 M] Begin Mesh Decomposition.
[time:     2.446 s, hwm: 139.3 M] End Mesh Decomposition.
[time:     2.472 s, hwm: 139.3 M] Begin Mesh Decomposition.
[time:     2.487 s, hwm: 139.3 M] End Mesh Decomposition.
[time:     2.507 s, hwm: 139.3 M] Begin Mesh Decomposition.
[time:     2.522 s, hwm: 139.3 M] End Mesh Decomposition.
[time:     2.547 s, hwm: 139.3 M] Begin Mesh Decomposition.
[time:     2.562 s, hwm: 139.3 M] End Mesh Decomposition.
[time:     2.597 s, hwm: 139.3 M] Begin Mesh Decomposition.
[time:     2.612 s, hwm: 139.3 M] End Mesh Decomposition.
[time:     2.636 s, hwm: 139.3 M] Begin Mesh Decomposition.
[time:     2.650 s, hwm: 139.3 M] End Mesh Decomposition.
[time:     2.692 s, hwm: 139.3 M] Begin Mesh Decomposition.
[time:     2.706 s, hwm: 139.3 M] End Mesh Decomposition.
[time:     2.732 s, hwm: 139.3 M] Begin Mesh Decomposition.
[time:     2.746 s, hwm: 139.3 M] End Mesh Decomposition.
[time:     2.787 s, hwm: 139.3 M] Begin Mesh Decomposition.
[time:     2.802 s, hwm: 139.3 M] End Mesh Decomposition.
[time:     2.827 s, hwm: 139.3 M] Begin Mesh Decomposition.
[time:     2.842 s, hwm: 139.3 M] End Mesh Decomposition.
[time:     2.876 s, hwm: 139.3 M] Begin Mesh Decomposition.
[time:     2.891 s, hwm: 139.3 M] End Mesh Decomposition.
[time:     2.915 s, hwm: 139.3 M] Begin Mesh Decomposition.
[time:     2.931 s, hwm: 139.3 M] End Mesh Decomposition.
[time:     2.951 s, hwm: 139.3 M] Begin Mesh Decomposition.
[time:     2.966 s, hwm: 139.3 M] End Mesh Decomposition.
[time:     2.991 s, hwm: 139.3 M] Begin Mesh Decomposition.
[time:     3.007 s, hwm: 139.3 M] End Mesh Decomposition.
[time:     3.027 s, hwm: 139.3 M] Begin Mesh Decomposition.
[time:     3.043 s, hwm: 139.3 M] End Mesh Decomposition.
[time:     3.068 s, hwm: 139.3 M] Begin Mesh Decomposition.
[time:     3.083 s, hwm: 139.3 M] End Mesh Decomposition.
[time:     3.120 s, hwm: 139.3 M] Begin Mesh Decomposition.
[time:     3.134 s, hwm: 139.3 M] End Mesh Decomposition.
[time:     3.159 s, hwm: 139.3 M] Begin Mesh Decomposition.
[time:     3.174 s, hwm: 139.3 M] End Mesh Decomposition.
[time:     3.215 s, hwm: 139.3 M] Begin Mesh Decomposition.
[time:     3.230 s, hwm: 139.3 M] End Mesh Decomposition.
[time:     3.254 s, hwm: 139.3 M] Begin Mesh Decomposition.
[time:     3.269 s, hwm: 139.3 M] End Mesh Decomposition.
[time:     3.309 s, hwm: 139.3 M] Begin Mesh Decomposition.
[time:     3.324 s, hwm: 139.3 M] End Mesh Decomposition.
[time:     3.348 s, hwm: 139.3 M] Begin Mesh Decomposition.
[time:     3.363 s, hwm: 139.3 M] End Mesh Decomposition.
[time:     3.400 s, hwm: 139.3 M] Begin Mesh Decomposition.
[time:     3.415 s, hwm: 139.3 M] End Mesh Decomposition.
[time:     3.441 s, hwm: 139.3 M] Begin Mesh Decomposition.
[time:     3.455 s, hwm: 139.3 M] End Mesh Decomposition.
[time:     3.474 s, hwm: 139.3 M] Begin Mesh Decomposition.
[time:     3.489 s, hwm: 139.3 M] End Mesh Decomposition.
[time:     3.513 s, hwm: 139.3 M] Begin Mesh Decomposition.
[time:     3.528 s, hwm: 139.3 M] End Mesh Decomposition.
[time:     3.547 s, hwm: 139.3 M] Begin Mesh Decomposition.
[time:     3.561 s, hwm: 139.3 M] End Mesh Decomposition.
[time:     3.585 s, hwm: 139.3 M] Begin Mesh Decomposition.
[time:     3.599 s, hwm: 139.3 M] End Mesh Decomposition.
[time:     3.634 s, hwm: 139.3 M] Begin Mesh Decomposition.
[time:     3.648 s, hwm: 139.3 M] End Mesh Decomposition.
[time:     3.672 s, hwm: 139.3 M] Begin Mesh Decomposition.
[time:     3.688 s, hwm: 139.3 M] End Mesh Decomposition.
Criterion Internal Elastic Energy value: 1.114
[time:     3.720 s, hwm: 139.3 M] Begin Mesh Decomposition.
[time:     3.738 s, hwm: 139.3 M] End Mesh Decomposition.
Criterion My Volume value: 0.091
[time:     3.771 s, hwm: 143.8 M] Begin Mesh Decomposition.
[time:     3.787 s, hwm: 143.8 M] End Mesh Decomposition.
[time:     3.829 s, hwm: 143.8 M] Begin Mesh Decomposition.
[time:     3.846 s, hwm: 143.8 M] End Mesh Decomposition.
[time:     3.873 s, hwm: 145.4 M] Begin Mesh Decomposition.
[time:     3.889 s, hwm: 145.4 M] End Mesh Decomposition.
[time:     3.932 s, hwm: 145.4 M] Begin Mesh Decomposition.
[time:     3.946 s, hwm: 145.4 M] End Mesh Decomposition.
[time:     3.971 s, hwm: 145.4 M] Begin Mesh Decomposition.
[time:     3.985 s, hwm: 145.4 M] End Mesh Decomposition.
[time:     4.020 s, hwm: 145.4 M] Begin Mesh Decomposition.
[time:     4.035 s, hwm: 145.4 M] End Mesh Decomposition.
[time:     4.060 s, hwm: 145.4 M] Begin Mesh Decomposition.
[time:     4.075 s, hwm: 145.4 M] End Mesh Decomposition.
[time:     4.094 s, hwm: 145.4 M] Begin Mesh Decomposition.
[time:     4.108 s, hwm: 145.4 M] End Mesh Decomposition.
[time:     4.133 s, hwm: 145.4 M] Begin Mesh Decomposition.
[time:     4.147 s, hwm: 145.4 M] End Mesh Decomposition.
[time:     4.166 s, hwm: 145.4 M] Begin Mesh Decomposition.
[time:     4.181 s, hwm: 145.4 M] End Mesh Decomposition.
[time:     4.210 s, hwm: 145.4 M] Begin Mesh Decomposition.
[time:     4.225 s, hwm: 145.4 M] End Mesh Decomposition.
[time:     4.260 s, hwm: 145.4 M] Begin Mesh Decomposition.
[time:     4.274 s, hwm: 145.4 M] End Mesh Decomposition.
[time:     4.301 s, hwm: 145.4 M] Begin Mesh Decomposition.
[time:     4.319 s, hwm: 145.4 M] End Mesh Decomposition.
Criterion Internal Elastic Energy value: 0.741
[time:     4.354 s, hwm: 145.4 M] Begin Mesh Decomposition.
[time:     4.371 s, hwm: 145.4 M] End Mesh Decomposition.
Criterion My Volume value: 0.171
[time:     4.402 s, hwm: 145.4 M] Begin Mesh Decomposition.
[time:     4.417 s, hwm: 145.4 M] End Mesh Decomposition.
[time:     4.457 s, hwm: 145.4 M] Begin Mesh Decomposition.
[time:     4.471 s, hwm: 145.4 M] End Mesh Decomposition.
[time:     4.497 s, hwm: 146.7 M] Begin Mesh Decomposition.
[time:     4.511 s, hwm: 146.7 M] End Mesh Decomposition.
[time:     4.551 s, hwm: 146.7 M] Begin Mesh Decomposition.
[time:     4.566 s, hwm: 146.7 M] End Mesh Decomposition.
[time:     4.590 s, hwm: 146.7 M] Begin Mesh Decomposition.
[time:     4.604 s, hwm: 146.7 M] End Mesh Decomposition.
[time:     4.640 s, hwm: 146.7 M] Begin Mesh Decomposition.
[time:     4.655 s, hwm: 146.7 M] End Mesh Decomposition.
[time:     4.679 s, hwm: 146.7 M] Begin Mesh Decomposition.
[time:     4.693 s, hwm: 146.7 M] End Mesh Decomposition.
[time:     4.713 s, hwm: 146.7 M] Begin Mesh Decomposition.
[time:     4.727 s, hwm: 146.7 M] End Mesh Decomposition.
[time:     4.752 s, hwm: 146.7 M] Begin Mesh Decomposition.
[time:     4.767 s, hwm: 146.7 M] End Mesh Decomposition.
[time:     4.786 s, hwm: 146.7 M] Begin Mesh Decomposition.
[time:     4.802 s, hwm: 146.7 M] End Mesh Decomposition.
[time:     4.827 s, hwm: 146.7 M] Begin Mesh Decomposition.
[time:     4.842 s, hwm: 146.7 M] End Mesh Decomposition.
[time:     4.876 s, hwm: 146.7 M] Begin Mesh Decomposition.
[time:     4.891 s, hwm: 146.7 M] End Mesh Decomposition.
[time:     4.916 s, hwm: 146.7 M] Begin Mesh Decomposition.
[time:     4.933 s, hwm: 146.7 M] End Mesh Decomposition.
Criterion Internal Elastic Energy value: 0.517
[time:     4.966 s, hwm: 146.7 M] Begin Mesh Decomposition.
[time:     4.982 s, hwm: 146.7 M] End Mesh Decomposition.
Criterion My Volume value: 0.293
[time:     5.014 s, hwm: 146.7 M] Begin Mesh Decomposition.
[time:     5.028 s, hwm: 146.7 M] End Mesh Decomposition.
[time:     5.069 s, hwm: 146.7 M] Begin Mesh Decomposition.
[time:     5.083 s, hwm: 146.7 M] End Mesh Decomposition.
[time:     5.107 s, hwm: 146.7 M] Begin Mesh Decomposition.
[time:     5.122 s, hwm: 146.7 M] End Mesh Decomposition.
[time:     5.165 s, hwm: 146.7 M] Begin Mesh Decomposition.
[time:     5.179 s, hwm: 146.7 M] End Mesh Decomposition.
[time:     5.204 s, hwm: 146.7 M] Begin Mesh Decomposition.
[time:     5.219 s, hwm: 146.7 M] End Mesh Decomposition.
[time:     5.254 s, hwm: 146.7 M] Begin Mesh Decomposition.
[time:     5.268 s, hwm: 146.7 M] End Mesh Decomposition.
[time:     5.302 s, hwm: 146.7 M] Begin Mesh Decomposition.
[time:     5.317 s, hwm: 146.7 M] End Mesh Decomposition.
[time:     5.338 s, hwm: 146.7 M] Begin Mesh Decomposition.
[time:     5.354 s, hwm: 146.7 M] End Mesh Decomposition.
[time:     5.378 s, hwm: 146.7 M] Begin Mesh Decomposition.
[time:     5.392 s, hwm: 146.7 M] End Mesh Decomposition.
[time:     5.411 s, hwm: 146.7 M] Begin Mesh Decomposition.
[time:     5.426 s, hwm: 146.7 M] End Mesh Decomposition.
[time:     5.451 s, hwm: 146.7 M] Begin Mesh Decomposition.
[time:     5.466 s, hwm: 146.7 M] End Mesh Decomposition.
[time:     5.502 s, hwm: 146.7 M] Begin Mesh Decomposition.
[time:     5.516 s, hwm: 146.7 M] End Mesh Decomposition.
[time:     5.541 s, hwm: 146.7 M] Begin Mesh Decomposition.
[time:     5.558 s, hwm: 146.7 M] End Mesh Decomposition.
Criterion Internal Elastic Energy value: 0.367
[time:     5.591 s, hwm: 146.7 M] Begin Mesh Decomposition.
[time:     5.608 s, hwm: 146.7 M] End Mesh Decomposition.
Criterion My Volume value: 0.438
[time:     5.640 s, hwm: 146.7 M] Begin Mesh Decomposition.
[time:     5.654 s, hwm: 146.7 M] End Mesh Decomposition.
[time:     5.695 s, hwm: 146.7 M] Begin Mesh Decomposition.
[time:     5.709 s, hwm: 146.7 M] End Mesh Decomposition.
[time:     5.732 s, hwm: 146.7 M] Begin Mesh Decomposition.
[time:     5.747 s, hwm: 146.7 M] End Mesh Decomposition.
[time:     5.786 s, hwm: 146.7 M] Begin Mesh Decomposition.
[time:     5.801 s, hwm: 146.7 M] End Mesh Decomposition.
[time:     5.826 s, hwm: 146.7 M] Begin Mesh Decomposition.
[time:     5.842 s, hwm: 146.7 M] End Mesh Decomposition.
[time:     5.877 s, hwm: 146.7 M] Begin Mesh Decomposition.
[time:     5.892 s, hwm: 146.7 M] End Mesh Decomposition.
[time:     5.916 s, hwm: 146.7 M] Begin Mesh Decomposition.
[time:     5.931 s, hwm: 146.7 M] End Mesh Decomposition.
[time:     5.950 s, hwm: 146.7 M] Begin Mesh Decomposition.
[time:     5.964 s, hwm: 146.7 M] End Mesh Decomposition.
[time:     5.989 s, hwm: 146.7 M] Begin Mesh Decomposition.
[time:     6.003 s, hwm: 146.7 M] End Mesh Decomposition.
[time:     6.022 s, hwm: 146.7 M] Begin Mesh Decomposition.
[time:     6.037 s, hwm: 146.7 M] End Mesh Decomposition.
[time:     6.061 s, hwm: 146.7 M] Begin Mesh Decomposition.
[time:     6.075 s, hwm: 146.7 M] End Mesh Decomposition.
[time:     6.110 s, hwm: 146.7 M] Begin Mesh Decomposition.
[time:     6.125 s, hwm: 146.7 M] End Mesh Decomposition.
[time:     6.150 s, hwm: 146.7 M] Begin Mesh Decomposition.
[time:     6.166 s, hwm: 146.7 M] End Mesh Decomposition.
Criterion Internal Elastic Energy value: 0.281
[time:     6.200 s, hwm: 146.7 M] Begin Mesh Decomposition.
[time:     6.215 s, hwm: 146.7 M] End Mesh Decomposition.
Criterion My Volume value: 0.570
[time:     6.251 s, hwm: 146.7 M] Begin Mesh Decomposition.
[time:     6.265 s, hwm: 146.7 M] End Mesh Decomposition.
[time:     6.292 s, hwm: 146.7 M] Begin Mesh Decomposition.
[time:     6.307 s, hwm: 146.7 M] End Mesh Decomposition.
[time:     6.331 s, hwm: 146.7 M] Begin Mesh Decomposition.
[time:     6.346 s, hwm: 146.7 M] End Mesh Decomposition.
[time:     6.366 s, hwm: 146.7 M] Begin Mesh Decomposition.
[time:     6.380 s, hwm: 146.7 M] End Mesh Decomposition.
[time:     6.405 s, hwm: 146.7 M] Begin Mesh Decomposition.
[time:     6.421 s, hwm: 146.7 M] End Mesh Decomposition.
[time:     6.447 s, hwm: 146.7 M] Begin Mesh Decomposition.
[time:     6.461 s, hwm: 146.7 M] End Mesh Decomposition.
[time:     6.485 s, hwm: 146.7 M] Begin Mesh Decomposition.
[time:     6.500 s, hwm: 146.7 M] End Mesh Decomposition.
[time:     6.540 s, hwm: 146.7 M] Begin Mesh Decomposition.
[time:     6.554 s, hwm: 146.7 M] End Mesh Decomposition.
[time:     6.579 s, hwm: 146.7 M] Begin Mesh Decomposition.
[time:     6.593 s, hwm: 146.7 M] End Mesh Decomposition.
[time:     6.613 s, hwm: 146.7 M] Begin Mesh Decomposition.
[time:     6.627 s, hwm: 146.7 M] End Mesh Decomposition.
[time:     6.652 s, hwm: 146.7 M] Begin Mesh Decomposition.
[time:     6.667 s, hwm: 146.7 M] End Mesh Decomposition.
[time:     6.687 s, hwm: 146.7 M] Begin Mesh Decomposition.
[time:     6.702 s, hwm: 146.7 M] End Mesh Decomposition.
[time:     6.727 s, hwm: 146.7 M] Begin Mesh Decomposition.
[time:     6.742 s, hwm: 146.7 M] End Mesh Decomposition.
[time:     6.762 s, hwm: 146.7 M] Begin Mesh Decomposition.
[time:     6.776 s, hwm: 146.7 M] End Mesh Decomposition.
[time:     6.801 s, hwm: 146.7 M] Begin Mesh Decomposition.
[time:     6.816 s, hwm: 146.7 M] End Mesh Decomposition.
[time:     6.851 s, hwm: 146.7 M] Begin Mesh Decomposition.
[time:     6.866 s, hwm: 146.7 M] End Mesh Decomposition.
[time:     6.891 s, hwm: 146.7 M] Begin Mesh Decomposition.
[time:     6.906 s, hwm: 146.7 M] End Mesh Decomposition.
[time:     6.952 s, hwm: 146.7 M] Begin Mesh Decomposition.
[time:     6.967 s, hwm: 146.7 M] End Mesh Decomposition.
[time:     6.993 s, hwm: 146.7 M] Begin Mesh Decomposition.
[time:     7.008 s, hwm: 146.7 M] End Mesh Decomposition.
[time:     7.050 s, hwm: 146.7 M] Begin Mesh Decomposition.
[time:     7.066 s, hwm: 146.7 M] End Mesh Decomposition.
[time:     7.092 s, hwm: 146.7 M] Begin Mesh Decomposition.
[time:     7.108 s, hwm: 146.7 M] End Mesh Decomposition.
[time:     7.146 s, hwm: 146.7 M] Begin Mesh Decomposition.
[time:     7.161 s, hwm: 146.7 M] End Mesh Decomposition.
[time:     7.186 s, hwm: 146.7 M] Begin Mesh Decomposition.
[time:     7.201 s, hwm: 146.7 M] End Mesh Decomposition.
[time:     7.220 s, hwm: 146.7 M] Begin Mesh Decomposition.
[time:     7.236 s, hwm: 146.7 M] End Mesh Decomposition.
[time:     7.260 s, hwm: 146.7 M] Begin Mesh Decomposition.
[time:     7.275 s, hwm: 146.7 M] End Mesh Decomposition.
[time:     7.294 s, hwm: 146.7 M] Begin Mesh Decomposition.
[time:     7.309 s, hwm: 146.7 M] End Mesh Decomposition.
[time:     7.334 s, hwm: 146.7 M] Begin Mesh Decomposition.
[time:     7.349 s, hwm: 146.7 M] End Mesh Decomposition.
[time:     7.385 s, hwm: 146.7 M] Begin Mesh Decomposition.
[time:     7.399 s, hwm: 146.7 M] End Mesh Decomposition.
[time:     7.424 s, hwm: 146.7 M] Begin Mesh Decomposition.
[time:     7.438 s, hwm: 146.7 M] End Mesh Decomposition.
Criterion Internal Elastic Energy value: 0.235
[time:     7.473 s, hwm: 146.7 M] Begin Mesh Decomposition.
[time:     7.489 s, hwm: 146.7 M] End Mesh Decomposition.
Criterion My Volume value: 0.673
[time:     7.526 s, hwm: 146.7 M] Begin Mesh Decomposition.
[time:     7.542 s, hwm: 146.7 M] End Mesh Decomposition.
[time:     7.570 s, hwm: 146.7 M] Begin Mesh Decomposition.
[time:     7.586 s, hwm: 146.7 M] End Mesh Decomposition.
[time:     7.612 s, hwm: 146.7 M] Begin Mesh Decomposition.
[time:     7.627 s, hwm: 146.7 M] End Mesh Decomposition.
[time:     7.646 s, hwm: 146.7 M] Begin Mesh Decomposition.
[time:     7.661 s, hwm: 146.7 M] End Mesh Decomposition.
[time:     7.686 s, hwm: 146.7 M] Begin Mesh Decomposition.
[time:     7.700 s, hwm: 146.7 M] End Mesh Decomposition.
[time:     7.725 s, hwm: 146.7 M] Begin Mesh Decomposition.
[time:     7.740 s, hwm: 146.7 M] End Mesh Decomposition.
[time:     7.765 s, hwm: 146.7 M] Begin Mesh Decomposition.
[time:     7.779 s, hwm: 146.7 M] End Mesh Decomposition.
[time:     7.820 s, hwm: 146.7 M] Begin Mesh Decomposition.
[time:     7.835 s, hwm: 146.7 M] End Mesh Decomposition.
[time:     7.859 s, hwm: 146.7 M] Begin Mesh Decomposition.
[time:     7.874 s, hwm: 146.7 M] End Mesh Decomposition.
[time:     7.893 s, hwm: 146.7 M] Begin Mesh Decomposition.
[time:     7.907 s, hwm: 146.7 M] End Mesh Decomposition.
[time:     7.932 s, hwm: 146.7 M] Begin Mesh Decomposition.
[time:     7.946 s, hwm: 146.7 M] End Mesh Decomposition.
[time:     7.966 s, hwm: 146.7 M] Begin Mesh Decomposition.
[time:     7.981 s, hwm: 146.7 M] End Mesh Decomposition.
[time:     8.005 s, hwm: 146.7 M] Begin Mesh Decomposition.
[time:     8.020 s, hwm: 146.7 M] End Mesh Decomposition.
[time:     8.039 s, hwm: 146.7 M] Begin Mesh Decomposition.
[time:     8.053 s, hwm: 146.7 M] End Mesh Decomposition.
[time:     8.078 s, hwm: 146.7 M] Begin Mesh Decomposition.
[time:     8.092 s, hwm: 146.7 M] End Mesh Decomposition.
[time:     8.126 s, hwm: 146.7 M] Begin Mesh Decomposition.
[time:     8.140 s, hwm: 146.7 M] End Mesh Decomposition.
[time:     8.165 s, hwm: 146.7 M] Begin Mesh Decomposition.
[time:     8.180 s, hwm: 146.7 M] End Mesh Decomposition.
[time:     8.220 s, hwm: 146.7 M] Begin Mesh Decomposition.
[time:     8.235 s, hwm: 146.7 M] End Mesh Decomposition.
[time:     8.260 s, hwm: 146.7 M] Begin Mesh Decomposition.
[time:     8.275 s, hwm: 146.7 M] End Mesh Decomposition.
[time:     8.319 s, hwm: 146.7 M] Begin Mesh Decomposition.
[time:     8.336 s, hwm: 146.7 M] End Mesh Decomposition.
[time:     8.363 s, hwm: 146.7 M] Begin Mesh Decomposition.
[time:     8.380 s, hwm: 146.7 M] End Mesh Decomposition.
[time:     8.416 s, hwm: 146.7 M] Begin Mesh Decomposition.
[time:     8.430 s, hwm: 146.7 M] End Mesh Decomposition.
[time:     8.455 s, hwm: 146.7 M] Begin Mesh Decomposition.
[time:     8.470 s, hwm: 146.7 M] End Mesh Decomposition.
[time:     8.489 s, hwm: 146.7 M] Begin Mesh Decomposition.
[time:     8.504 s, hwm: 146.7 M] End Mesh Decomposition.
[time:     8.528 s, hwm: 146.7 M] Begin Mesh Decomposition.
[time:     8.543 s, hwm: 146.7 M] End Mesh Decomposition.
[time:     8.562 s, hwm: 146.7 M] Begin Mesh Decomposition.
[time:     8.576 s, hwm: 146.7 M] End Mesh Decomposition.
[time:     8.601 s, hwm: 146.7 M] Begin Mesh Decomposition.
[time:     8.615 s, hwm: 146.7 M] End Mesh Decomposition.
[time:     8.651 s, hwm: 146.7 M] Begin Mesh Decomposition.
[time:     8.666 s, hwm: 146.7 M] End Mesh Decomposition.
[time:     8.691 s, hwm: 146.7 M] Begin Mesh Decomposition.
[time:     8.707 s, hwm: 146.7 M] End Mesh Decomposition.
Criterion Internal Elastic Energy value: 0.312
[time:     8.740 s, hwm: 146.7 M] Begin Mesh Decomposition.
[time:     8.756 s, hwm: 146.7 M] End Mesh Decomposition.
Criterion My Volume value: 0.456
[time:     8.788 s, hwm: 146.7 M] Begin Mesh Decomposition.
[time:     8.803 s, hwm: 146.7 M] End Mesh Decomposition.
[time:     8.843 s, hwm: 146.7 M] Begin Mesh Decomposition.
[time:     8.858 s, hwm: 146.7 M] End Mesh Decomposition.
[time:     8.882 s, hwm: 146.7 M] Begin Mesh Decomposition.
[time:     8.897 s, hwm: 146.7 M] End Mesh Decomposition.
[time:     8.937 s, hwm: 146.7 M] Begin Mesh Decomposition.
[time:     8.952 s, hwm: 146.7 M] End Mesh Decomposition.
[time:     8.976 s, hwm: 146.7 M] Begin Mesh Decomposition.
[time:     8.990 s, hwm: 146.7 M] End Mesh Decomposition.
[time:     9.025 s, hwm: 146.7 M] Begin Mesh Decomposition.
[time:     9.040 s, hwm: 146.7 M] End Mesh Decomposition.
[time:     9.063 s, hwm: 146.7 M] Begin Mesh Decomposition.
[time:     9.078 s, hwm: 146.7 M] End Mesh Decomposition.
[time:     9.096 s, hwm: 146.7 M] Begin Mesh Decomposition.
[time:     9.111 s, hwm: 146.7 M] End Mesh Decomposition.
[time:     9.135 s, hwm: 146.7 M] Begin Mesh Decomposition.
[time:     9.150 s, hwm: 146.7 M] End Mesh Decomposition.
[time:     9.168 s, hwm: 146.7 M] Begin Mesh Decomposition.
[time:     9.183 s, hwm: 146.7 M] End Mesh Decomposition.
[time:     9.207 s, hwm: 146.7 M] Begin Mesh Decomposition.
[time:     9.224 s, hwm: 146.7 M] End Mesh Decomposition.
[time:     9.259 s, hwm: 146.7 M] Begin Mesh Decomposition.
[time:     9.274 s, hwm: 146.7 M] End Mesh Decomposition.
[time:     9.299 s, hwm: 146.7 M] Begin Mesh Decomposition.
[time:     9.315 s, hwm: 146.7 M] End Mesh Decomposition.
Criterion Internal Elastic Energy value: 0.277
[time:     9.351 s, hwm: 146.7 M] Begin Mesh Decomposition.
[time:     9.372 s, hwm: 146.7 M] End Mesh Decomposition.
Criterion My Volume value: 0.548
[time:     9.407 s, hwm: 146.7 M] Begin Mesh Decomposition.
[time:     9.426 s, hwm: 146.7 M] End Mesh Decomposition.
[time:     9.471 s, hwm: 146.7 M] Begin Mesh Decomposition.
[time:     9.486 s, hwm: 146.7 M] End Mesh Decomposition.
[time:     9.510 s, hwm: 146.7 M] Begin Mesh Decomposition.
[time:     9.525 s, hwm: 146.7 M] End Mesh Decomposition.
[time:     9.563 s, hwm: 146.7 M] Begin Mesh Decomposition.
[time:     9.578 s, hwm: 146.7 M] End Mesh Decomposition.
[time:     9.602 s, hwm: 146.7 M] Begin Mesh Decomposition.
[time:     9.617 s, hwm: 146.7 M] End Mesh Decomposition.
[time:     9.650 s, hwm: 146.7 M] Begin Mesh Decomposition.
[time:     9.665 s, hwm: 146.7 M] End Mesh Decomposition.
[time:     9.689 s, hwm: 146.7 M] Begin Mesh Decomposition.
[time:     9.704 s, hwm: 146.7 M] End Mesh Decomposition.
[time:     9.723 s, hwm: 146.7 M] Begin Mesh Decomposition.
[time:     9.737 s, hwm: 146.7 M] End Mesh Decomposition.
[time:     9.763 s, hwm: 146.7 M] Begin Mesh Decomposition.
[time:     9.779 s, hwm: 146.7 M] End Mesh Decomposition.
[time:     9.799 s, hwm: 146.7 M] Begin Mesh Decomposition.
[time:     9.813 s, hwm: 146.7 M] End Mesh Decomposition.
[time:     9.838 s, hwm: 146.7 M] Begin Mesh Decomposition.
[time:     9.852 s, hwm: 146.7 M] End Mesh Decomposition.
[time:     9.888 s, hwm: 146.7 M] Begin Mesh Decomposition.
[time:     9.904 s, hwm: 146.7 M] End Mesh Decomposition.
[time:     9.929 s, hwm: 146.7 M] Begin Mesh Decomposition.
[time:     9.944 s, hwm: 146.7 M] End Mesh Decomposition.
Criterion Internal Elastic Energy value: 0.256
[time:     9.978 s, hwm: 146.7 M] Begin Mesh Decomposition.
[time:     9.993 s, hwm: 146.7 M] End Mesh Decomposition.
Criterion My Volume value: 0.606
[time:    10.028 s, hwm: 146.7 M] Begin Mesh Decomposition.
[time:    10.043 s, hwm: 146.7 M] End Mesh Decomposition.
[time:    10.068 s, hwm: 146.7 M] Begin Mesh Decomposition.
[time:    10.083 s, hwm: 146.7 M] End Mesh Decomposition.
[time:    10.108 s, hwm: 146.7 M] Begin Mesh Decomposition.
[time:    10.123 s, hwm: 146.7 M] End Mesh Decomposition.
[time:    10.143 s, hwm: 146.7 M] Begin Mesh Decomposition.
[time:    10.158 s, hwm: 146.7 M] End Mesh Decomposition.
[time:    10.185 s, hwm: 146.7 M] Begin Mesh Decomposition.
[time:    10.201 s, hwm: 146.7 M] End Mesh Decomposition.
[time:    10.221 s, hwm: 146.7 M] Begin Mesh Decomposition.
[time:    10.241 s, hwm: 146.7 M] End Mesh Decomposition.
[time:    10.272 s, hwm: 146.9 M] Begin Mesh Decomposition.
[time:    10.290 s, hwm: 146.9 M] End Mesh Decomposition.
Criterion Internal Elastic Energy value: 0.256
[time:    10.312 s, hwm: 146.9 M] Begin Mesh Decomposition.
[time:    10.328 s, hwm: 146.9 M] End Mesh Decomposition.
Criterion My Volume value: 0.606
[time:    10.347 s, hwm: 146.9 M] Begin Mesh Decomposition.
[time:    10.362 s, hwm: 146.9 M] End Mesh Decomposition.
[time:    10.386 s, hwm: 146.9 M] Begin Mesh Decomposition.
[time:    10.401 s, hwm: 146.9 M] End Mesh Decomposition.
[time:    10.426 s, hwm: 146.9 M] Begin Mesh Decomposition.
[time:    10.441 s, hwm: 146.9 M] End Mesh Decomposition.
[time:    10.461 s, hwm: 146.9 M] Begin Mesh Decomposition.
[time:    10.477 s, hwm: 146.9 M] End Mesh Decomposition.
[time:    10.503 s, hwm: 146.9 M] Begin Mesh Decomposition.
[time:    10.519 s, hwm: 146.9 M] End Mesh Decomposition.
[time:    10.544 s, hwm: 146.9 M] Begin Mesh Decomposition.
[time:    10.559 s, hwm: 146.9 M] End Mesh Decomposition.
[time:    10.584 s, hwm: 146.9 M] Begin Mesh Decomposition.
[time:    10.600 s, hwm: 146.9 M] End Mesh Decomposition.
[time:    10.646 s, hwm: 146.9 M] Begin Mesh Decomposition.
[time:    10.662 s, hwm: 146.9 M] End Mesh Decomposition.
[time:    10.687 s, hwm: 146.9 M] Begin Mesh Decomposition.
[time:    10.703 s, hwm: 146.9 M] End Mesh Decomposition.
[time:    10.722 s, hwm: 146.9 M] Begin Mesh Decomposition.
[time:    10.737 s, hwm: 146.9 M] End Mesh Decomposition.
[time:    10.762 s, hwm: 146.9 M] Begin Mesh Decomposition.
[time:    10.777 s, hwm: 146.9 M] End Mesh Decomposition.
[time:    10.797 s, hwm: 146.9 M] Begin Mesh Decomposition.
[time:    10.814 s, hwm: 146.9 M] End Mesh Decomposition.
[time:    10.840 s, hwm: 146.9 M] Begin Mesh Decomposition.
[time:    10.856 s, hwm: 146.9 M] End Mesh Decomposition.
[time:    10.876 s, hwm: 146.9 M] Begin Mesh Decomposition.
[time:    10.891 s, hwm: 146.9 M] End Mesh Decomposition.
[time:    10.916 s, hwm: 146.9 M] Begin Mesh Decomposition.
[time:    10.931 s, hwm: 146.9 M] End Mesh Decomposition.
[time:    10.965 s, hwm: 146.9 M] Begin Mesh Decomposition.
[time:    10.979 s, hwm: 146.9 M] End Mesh Decomposition.
[time:    11.003 s, hwm: 146.9 M] Begin Mesh Decomposition.
[time:    11.018 s, hwm: 146.9 M] End Mesh Decomposition.
[time:    11.058 s, hwm: 146.9 M] Begin Mesh Decomposition.
[time:    11.073 s, hwm: 146.9 M] End Mesh Decomposition.
[time:    11.100 s, hwm: 146.9 M] Begin Mesh Decomposition.
[time:    11.118 s, hwm: 146.9 M] End Mesh Decomposition.
[time:    11.161 s, hwm: 146.9 M] Begin Mesh Decomposition.
[time:    11.178 s, hwm: 146.9 M] End Mesh Decomposition.
[time:    11.205 s, hwm: 146.9 M] Begin Mesh Decomposition.
[time:    11.222 s, hwm: 146.9 M] End Mesh Decomposition.
[time:    11.260 s, hwm: 146.9 M] Begin Mesh Decomposition.
[time:    11.277 s, hwm: 146.9 M] End Mesh Decomposition.
[time:    11.306 s, hwm: 146.9 M] Begin Mesh Decomposition.
[time:    11.324 s, hwm: 146.9 M] End Mesh Decomposition.
[time:    11.345 s, hwm: 146.9 M] Begin Mesh Decomposition.
[time:    11.363 s, hwm: 146.9 M] End Mesh Decomposition.
[time:    11.394 s, hwm: 146.9 M] Begin Mesh Decomposition.
[time:    11.412 s, hwm: 146.9 M] End Mesh Decomposition.
[time:    11.431 s, hwm: 146.9 M] Begin Mesh Decomposition.
[time:    11.446 s, hwm: 146.9 M] End Mesh Decomposition.
[time:    11.471 s, hwm: 146.9 M] Begin Mesh Decomposition.
[time:    11.486 s, hwm: 146.9 M] End Mesh Decomposition.
[time:    11.520 s, hwm: 146.9 M] Begin Mesh Decomposition.
[time:    11.535 s, hwm: 146.9 M] End Mesh Decomposition.
[time:    11.560 s, hwm: 146.9 M] Begin Mesh Decomposition.
[time:    11.575 s, hwm: 146.9 M] End Mesh Decomposition.
[time:    11.614 s, hwm: 146.9 M] Begin Mesh Decomposition.
[time:    11.629 s, hwm: 146.9 M] End Mesh Decomposition.
[time:    11.654 s, hwm: 146.9 M] Begin Mesh Decomposition.
[time:    11.671 s, hwm: 146.9 M] End Mesh Decomposition.
[time:    11.713 s, hwm: 146.9 M] Begin Mesh Decomposition.
[time:    11.729 s, hwm: 146.9 M] End Mesh Decomposition.
[time:    11.755 s, hwm: 146.9 M] Begin Mesh Decomposition.
[time:    11.772 s, hwm: 146.9 M] End Mesh Decomposition.
[time:    11.810 s, hwm: 146.9 M] Begin Mesh Decomposition.
[time:    11.826 s, hwm: 146.9 M] End Mesh Decomposition.
[time:    11.851 s, hwm: 146.9 M] Begin Mesh Decomposition.
[time:    11.866 s, hwm: 146.9 M] End Mesh Decomposition.
[time:    11.885 s, hwm: 146.9 M] Begin Mesh Decomposition.
[time:    11.901 s, hwm: 146.9 M] End Mesh Decomposition.
[time:    11.925 s, hwm: 146.9 M] Begin Mesh Decomposition.
[time:    11.940 s, hwm: 146.9 M] End Mesh Decomposition.
[time:    11.960 s, hwm: 146.9 M] Begin Mesh Decomposition.
[time:    11.975 s, hwm: 146.9 M] End Mesh Decomposition.
[time:    11.999 s, hwm: 146.9 M] Begin Mesh Decomposition.
[time:    12.014 s, hwm: 146.9 M] End Mesh Decomposition.
[time:    12.049 s, hwm: 146.9 M] Begin Mesh Decomposition.
[time:    12.064 s, hwm: 146.9 M] End Mesh Decomposition.
[time:    12.089 s, hwm: 146.9 M] Begin Mesh Decomposition.
[time:    12.104 s, hwm: 146.9 M] End Mesh Decomposition.
[time:    12.144 s, hwm: 146.9 M] Begin Mesh Decomposition.
[time:    12.159 s, hwm: 146.9 M] End Mesh Decomposition.
[time:    12.184 s, hwm: 146.9 M] Begin Mesh Decomposition.
[time:    12.198 s, hwm: 146.9 M] End Mesh Decomposition.
[time:    12.239 s, hwm: 146.9 M] Begin Mesh Decomposition.
[time:    12.254 s, hwm: 146.9 M] End Mesh Decomposition.
[time:    12.279 s, hwm: 146.9 M] Begin Mesh Decomposition.
[time:    12.294 s, hwm: 146.9 M] End Mesh Decomposition.
[time:    12.328 s, hwm: 146.9 M] Begin Mesh Decomposition.
[time:    12.343 s, hwm: 146.9 M] End Mesh Decomposition.
[time:    12.368 s, hwm: 146.9 M] Begin Mesh Decomposition.
[time:    12.383 s, hwm: 146.9 M] End Mesh Decomposition.
[time:    12.404 s, hwm: 146.9 M] Begin Mesh Decomposition.
[time:    12.419 s, hwm: 146.9 M] End Mesh Decomposition.
[time:    12.445 s, hwm: 146.9 M] Begin Mesh Decomposition.
[time:    12.462 s, hwm: 146.9 M] End Mesh Decomposition.
[time:    12.481 s, hwm: 146.9 M] Begin Mesh Decomposition.
[time:    12.496 s, hwm: 146.9 M] End Mesh Decomposition.
[time:    12.521 s, hwm: 146.9 M] Begin Mesh Decomposition.
[time:    12.536 s, hwm: 146.9 M] End Mesh Decomposition.
[time:    12.571 s, hwm: 146.9 M] Begin Mesh Decomposition.
[time:    12.586 s, hwm: 146.9 M] End Mesh Decomposition.
[time:    12.610 s, hwm: 146.9 M] Begin Mesh Decomposition.
[time:    12.625 s, hwm: 146.9 M] End Mesh Decomposition.
Criterion Internal Elastic Energy value: 0.232
[time:    12.658 s, hwm: 146.9 M] Begin Mesh Decomposition.
[time:    12.673 s, hwm: 146.9 M] End Mesh Decomposition.
Criterion My Volume value: 0.662
[time:    12.705 s, hwm: 146.9 M] Begin Mesh Decomposition.
[time:    12.721 s, hwm: 146.9 M] End Mesh Decomposition.
[time:    12.745 s, hwm: 146.9 M] Begin Mesh Decomposition.
[time:    12.760 s, hwm: 146.9 M] End Mesh Decomposition.
[time:    12.783 s, hwm: 146.9 M] Begin Mesh Decomposition.
[time:    12.798 s, hwm: 146.9 M] End Mesh Decomposition.
[time:    12.817 s, hwm: 146.9 M] Begin Mesh Decomposition.
[time:    12.832 s, hwm: 146.9 M] End Mesh Decomposition.
[time:    12.856 s, hwm: 146.9 M] Begin Mesh Decomposition.
[time:    12.871 s, hwm: 146.9 M] End Mesh Decomposition.
[time:    12.895 s, hwm: 146.9 M] Begin Mesh Decomposition.
[time:    12.910 s, hwm: 146.9 M] End Mesh Decomposition.
[time:    12.934 s, hwm: 146.9 M] Begin Mesh Decomposition.
[time:    12.949 s, hwm: 146.9 M] End Mesh Decomposition.
[time:    12.988 s, hwm: 146.9 M] Begin Mesh Decomposition.
[time:    13.003 s, hwm: 146.9 M] End Mesh Decomposition.
[time:    13.026 s, hwm: 146.9 M] Begin Mesh Decomposition.
[time:    13.041 s, hwm: 146.9 M] End Mesh Decomposition.
[time:    13.059 s, hwm: 146.9 M] Begin Mesh Decomposition.
[time:    13.074 s, hwm: 146.9 M] End Mesh Decomposition.
[time:    13.097 s, hwm: 146.9 M] Begin Mesh Decomposition.
[time:    13.112 s, hwm: 146.9 M] End Mesh Decomposition.
[time:    13.130 s, hwm: 146.9 M] Begin Mesh Decomposition.
[time:    13.145 s, hwm: 146.9 M] End Mesh Decomposition.
[time:    13.168 s, hwm: 146.9 M] Begin Mesh Decomposition.
[time:    13.183 s, hwm: 146.9 M] End Mesh Decomposition.
[time:    13.202 s, hwm: 146.9 M] Begin Mesh Decomposition.
[time:    13.217 s, hwm: 146.9 M] End Mesh Decomposition.
[time:    13.241 s, hwm: 146.9 M] Begin Mesh Decomposition.
[time:    13.258 s, hwm: 146.9 M] End Mesh Decomposition.
[time:    13.294 s, hwm: 146.9 M] Begin Mesh Decomposition.
[time:    13.311 s, hwm: 146.9 M] End Mesh Decomposition.
[time:    13.337 s, hwm: 146.9 M] Begin Mesh Decomposition.
[time:    13.353 s, hwm: 146.9 M] End Mesh Decomposition.
[time:    13.394 s, hwm: 146.9 M] Begin Mesh Decomposition.
[time:    13.410 s, hwm: 146.9 M] End Mesh Decomposition.
[time:    13.433 s, hwm: 146.9 M] Begin Mesh Decomposition.
[time:    13.448 s, hwm: 146.9 M] End Mesh Decomposition.
[time:    13.488 s, hwm: 146.9 M] Begin Mesh Decomposition.
[time:    13.504 s, hwm: 146.9 M] End Mesh Decomposition.
[time:    13.531 s, hwm: 146.9 M] Begin Mesh Decomposition.
[time:    13.546 s, hwm: 146.9 M] End Mesh Decomposition.
[time:    13.580 s, hwm: 146.9 M] Begin Mesh Decomposition.
[time:    13.596 s, hwm: 146.9 M] End Mesh Decomposition.
[time:    13.622 s, hwm: 146.9 M] Begin Mesh Decomposition.
[time:    13.637 s, hwm: 146.9 M] End Mesh Decomposition.
[time:    13.656 s, hwm: 146.9 M] Begin Mesh Decomposition.
[time:    13.672 s, hwm: 146.9 M] End Mesh Decomposition.
[time:    13.696 s, hwm: 146.9 M] Begin Mesh Decomposition.
[time:    13.711 s, hwm: 146.9 M] End Mesh Decomposition.
[time:    13.730 s, hwm: 146.9 M] Begin Mesh Decomposition.
[time:    13.745 s, hwm: 146.9 M] End Mesh Decomposition.
[time:    13.768 s, hwm: 146.9 M] Begin Mesh Decomposition.
[time:    13.783 s, hwm: 146.9 M] End Mesh Decomposition.
[time:    13.817 s, hwm: 146.9 M] Begin Mesh Decomposition.
[time:    13.832 s, hwm: 146.9 M] End Mesh Decomposition.
[time:    13.856 s, hwm: 146.9 M] Begin Mesh Decomposition.
[time:    13.872 s, hwm: 146.9 M] End Mesh Decomposition.
[time:    13.912 s, hwm: 146.9 M] Begin Mesh Decomposition.
[time:    13.928 s, hwm: 146.9 M] End Mesh Decomposition.
[time:    13.953 s, hwm: 146.9 M] Begin Mesh Decomposition.
[time:    13.968 s, hwm: 146.9 M] End Mesh Decomposition.
[time:    14.008 s, hwm: 146.9 M] Begin Mesh Decomposition.
[time:    14.023 s, hwm: 146.9 M] End Mesh Decomposition.
[time:    14.048 s, hwm: 146.9 M] Begin Mesh Decomposition.
[time:    14.063 s, hwm: 146.9 M] End Mesh Decomposition.
[time:    14.099 s, hwm: 146.9 M] Begin Mesh Decomposition.
[time:    14.114 s, hwm: 146.9 M] End Mesh Decomposition.
[time:    14.139 s, hwm: 146.9 M] Begin Mesh Decomposition.
[time:    14.154 s, hwm: 146.9 M] End Mesh Decomposition.
[time:    14.173 s, hwm: 146.9 M] Begin Mesh Decomposition.
[time:    14.190 s, hwm: 146.9 M] End Mesh Decomposition.
[time:    14.216 s, hwm: 146.9 M] Begin Mesh Decomposition.
[time:    14.231 s, hwm: 146.9 M] End Mesh Decomposition.
[time:    14.252 s, hwm: 146.9 M] Begin Mesh Decomposition.
[time:    14.269 s, hwm: 146.9 M] End Mesh Decomposition.
[time:    14.296 s, hwm: 146.9 M] Begin Mesh Decomposition.
[time:    14.317 s, hwm: 146.9 M] End Mesh Decomposition.
[time:    14.361 s, hwm: 146.9 M] Begin Mesh Decomposition.
[time:    14.379 s, hwm: 146.9 M] End Mesh Decomposition.
[time:    14.405 s, hwm: 146.9 M] Begin Mesh Decomposition.
[time:    14.423 s, hwm: 146.9 M] End Mesh Decomposition.
Criterion Internal Elastic Energy value: 0.424
[time:    14.457 s, hwm: 146.9 M] Begin Mesh Decomposition.
[time:    14.473 s, hwm: 146.9 M] End Mesh Decomposition.
Criterion My Volume value: 0.177
[time:    14.507 s, hwm: 146.9 M] Begin Mesh Decomposition.
[time:    14.522 s, hwm: 146.9 M] End Mesh Decomposition.
[time:    14.565 s, hwm: 146.9 M] Begin Mesh Decomposition.
[time:    14.580 s, hwm: 146.9 M] End Mesh Decomposition.
[time:    14.605 s, hwm: 146.9 M] Begin Mesh Decomposition.
[time:    14.620 s, hwm: 146.9 M] End Mesh Decomposition.
[time:    14.661 s, hwm: 146.9 M] Begin Mesh Decomposition.
[time:    14.677 s, hwm: 146.9 M] End Mesh Decomposition.
[time:    14.702 s, hwm: 146.9 M] Begin Mesh Decomposition.
[time:    14.717 s, hwm: 146.9 M] End Mesh Decomposition.
[time:    14.758 s, hwm: 146.9 M] Begin Mesh Decomposition.
[time:    14.773 s, hwm: 146.9 M] End Mesh Decomposition.
[time:    14.803 s, hwm: 146.9 M] Begin Mesh Decomposition.
[time:    14.821 s, hwm: 146.9 M] End Mesh Decomposition.
[time:    14.841 s, hwm: 146.9 M] Begin Mesh Decomposition.
[time:    14.856 s, hwm: 146.9 M] End Mesh Decomposition.
[time:    14.879 s, hwm: 146.9 M] Begin Mesh Decomposition.
[time:    14.894 s, hwm: 146.9 M] End Mesh Decomposition.
[time:    14.912 s, hwm: 146.9 M] Begin Mesh Decomposition.
[time:    14.927 s, hwm: 146.9 M] End Mesh Decomposition.
[time:    14.950 s, hwm: 146.9 M] Begin Mesh Decomposition.
[time:    14.965 s, hwm: 146.9 M] End Mesh Decomposition.
[time:    14.997 s, hwm: 146.9 M] Begin Mesh Decomposition.
[time:    15.012 s, hwm: 146.9 M] End Mesh Decomposition.
[time:    15.035 s, hwm: 146.9 M] Begin Mesh Decomposition.
[time:    15.051 s, hwm: 146.9 M] End Mesh Decomposition.
Criterion Internal Elastic Energy value: 0.373
[time:    15.083 s, hwm: 146.9 M] Begin Mesh Decomposition.
[time:    15.099 s, hwm: 146.9 M] End Mesh Decomposition.
Criterion My Volume value: 0.280
[time:    15.131 s, hwm: 146.9 M] Begin Mesh Decomposition.
[time:    15.146 s, hwm: 146.9 M] End Mesh Decomposition.
[time:    15.186 s, hwm: 146.9 M] Begin Mesh Decomposition.
[time:    15.201 s, hwm: 146.9 M] End Mesh Decomposition.
[time:    15.225 s, hwm: 146.9 M] Begin Mesh Decomposition.
[time:    15.240 s, hwm: 146.9 M] End Mesh Decomposition.
[time:    15.282 s, hwm: 146.9 M] Begin Mesh Decomposition.
[time:    15.298 s, hwm: 146.9 M] End Mesh Decomposition.
[time:    15.323 s, hwm: 146.9 M] Begin Mesh Decomposition.
[time:    15.339 s, hwm: 146.9 M] End Mesh Decomposition.
[time:    15.373 s, hwm: 146.9 M] Begin Mesh Decomposition.
[time:    15.388 s, hwm: 146.9 M] End Mesh Decomposition.
[time:    15.411 s, hwm: 146.9 M] Begin Mesh Decomposition.
[time:    15.426 s, hwm: 146.9 M] End Mesh Decomposition.
[time:    15.445 s, hwm: 146.9 M] Begin Mesh Decomposition.
[time:    15.461 s, hwm: 146.9 M] End Mesh Decomposition.
[time:    15.485 s, hwm: 146.9 M] Begin Mesh Decomposition.
[time:    15.500 s, hwm: 146.9 M] End Mesh Decomposition.
[time:    15.519 s, hwm: 146.9 M] Begin Mesh Decomposition.
[time:    15.535 s, hwm: 146.9 M] End Mesh Decomposition.
[time:    15.559 s, hwm: 146.9 M] Begin Mesh Decomposition.
[time:    15.573 s, hwm: 146.9 M] End Mesh Decomposition.
[time:    15.607 s, hwm: 146.9 M] Begin Mesh Decomposition.
[time:    15.623 s, hwm: 146.9 M] End Mesh Decomposition.
[time:    15.647 s, hwm: 146.9 M] Begin Mesh Decomposition.
[time:    15.663 s, hwm: 146.9 M] End Mesh Decomposition.
Criterion Internal Elastic Energy value: 0.346
[time:    15.697 s, hwm: 146.9 M] Begin Mesh Decomposition.
[time:    15.714 s, hwm: 146.9 M] End Mesh Decomposition.
Criterion My Volume value: 0.388
[time:    15.746 s, hwm: 146.9 M] Begin Mesh Decomposition.
[time:    15.762 s, hwm: 146.9 M] End Mesh Decomposition.
[time:    15.802 s, hwm: 146.9 M] Begin Mesh Decomposition.
[time:    15.817 s, hwm: 146.9 M] End Mesh Decomposition.
[time:    15.842 s, hwm: 146.9 M] Begin Mesh Decomposition.
[time:    15.857 s, hwm: 146.9 M] End Mesh Decomposition.
[time:    15.896 s, hwm: 146.9 M] Begin Mesh Decomposition.
[time:    15.911 s, hwm: 146.9 M] End Mesh Decomposition.
[time:    16.109 s, hwm: 146.9 M] Begin Mesh Decomposition.
[time:    16.124 s, hwm: 146.9 M] End Mesh Decomposition.
[time:    16.160 s, hwm: 146.9 M] Begin Mesh Decomposition.
[time:    16.175 s, hwm: 146.9 M] End Mesh Decomposition.
[time:    16.200 s, hwm: 146.9 M] Begin Mesh Decomposition.
[time:    16.215 s, hwm: 146.9 M] End Mesh Decomposition.
[time:    16.234 s, hwm: 146.9 M] Begin Mesh Decomposition.
[time:    16.249 s, hwm: 146.9 M] End Mesh Decomposition.
[time:    16.274 s, hwm: 146.9 M] Begin Mesh Decomposition.
[time:    16.289 s, hwm: 146.9 M] End Mesh Decomposition.
[time:    16.308 s, hwm: 146.9 M] Begin Mesh Decomposition.
[time:    16.324 s, hwm: 146.9 M] End Mesh Decomposition.
[time:    16.350 s, hwm: 146.9 M] Begin Mesh Decomposition.
[time:    16.367 s, hwm: 146.9 M] End Mesh Decomposition.
[time:    16.403 s, hwm: 146.9 M] Begin Mesh Decomposition.
[time:    16.420 s, hwm: 146.9 M] End Mesh Decomposition.
[time:    16.445 s, hwm: 146.9 M] Begin Mesh Decomposition.
[time:    16.461 s, hwm: 146.9 M] End Mesh Decomposition.
Criterion Internal Elastic Energy value: 0.314
[time:    16.496 s, hwm: 146.9 M] Begin Mesh Decomposition.
[time:    16.512 s, hwm: 146.9 M] End Mesh Decomposition.
Criterion My Volume value: 0.485
[time:    16.545 s, hwm: 146.9 M] Begin Mesh Decomposition.
[time:    16.560 s, hwm: 146.9 M] End Mesh Decomposition.
[time:    16.600 s, hwm: 146.9 M] Begin Mesh Decomposition.
[time:    16.616 s, hwm: 146.9 M] End Mesh Decomposition.
[time:    16.641 s, hwm: 146.9 M] Begin Mesh Decomposition.
[time:    16.656 s, hwm: 146.9 M] End Mesh Decomposition.
[time:    16.696 s, hwm: 146.9 M] Begin Mesh Decomposition.
[time:    16.712 s, hwm: 146.9 M] End Mesh Decomposition.
[time:    16.738 s, hwm: 146.9 M] Begin Mesh Decomposition.
[time:    16.752 s, hwm: 146.9 M] End Mesh Decomposition.
[time:    16.788 s, hwm: 146.9 M] Begin Mesh Decomposition.
[time:    16.804 s, hwm: 146.9 M] End Mesh Decomposition.
[time:    16.831 s, hwm: 146.9 M] Begin Mesh Decomposition.
[time:    16.848 s, hwm: 146.9 M] End Mesh Decomposition.
[time:    16.868 s, hwm: 146.9 M] Begin Mesh Decomposition.
[time:    16.884 s, hwm: 146.9 M] End Mesh Decomposition.
[time:    16.909 s, hwm: 146.9 M] Begin Mesh Decomposition.
[time:    16.924 s, hwm: 146.9 M] End Mesh Decomposition.
[time:    16.943 s, hwm: 146.9 M] Begin Mesh Decomposition.
[time:    16.958 s, hwm: 146.9 M] End Mesh Decomposition.
[time:    16.985 s, hwm: 146.9 M] Begin Mesh Decomposition.
[time:    17.001 s, hwm: 146.9 M] End Mesh Decomposition.
[time:    17.037 s, hwm: 146.9 M] Begin Mesh Decomposition.
[time:    17.052 s, hwm: 146.9 M] End Mesh Decomposition.
[time:    17.078 s, hwm: 146.9 M] Begin Mesh Decomposition.
[time:    17.094 s, hwm: 146.9 M] End Mesh Decomposition.
Criterion Internal Elastic Energy value: 0.282
[time:    17.128 s, hwm: 146.9 M] Begin Mesh Decomposition.
[time:    17.145 s, hwm: 146.9 M] End Mesh Decomposition.
Criterion My Volume value: 0.559
[time:    17.177 s, hwm: 146.9 M] Begin Mesh Decomposition.
[time:    17.192 s, hwm: 146.9 M] End Mesh Decomposition.
[time:    17.232 s, hwm: 146.9 M] Begin Mesh Decomposition.
[time:    17.247 s, hwm: 146.9 M] End Mesh Decomposition.
[time:    17.273 s, hwm: 146.9 M] Begin Mesh Decomposition.
[time:    17.288 s, hwm: 146.9 M] End Mesh Decomposition.
[time:    17.328 s, hwm: 146.9 M] Begin Mesh Decomposition.
[time:    17.344 s, hwm: 146.9 M] End Mesh Decomposition.
[time:    17.369 s, hwm: 146.9 M] Begin Mesh Decomposition.
[time:    17.384 s, hwm: 146.9 M] End Mesh Decomposition.
[time:    17.419 s, hwm: 146.9 M] Begin Mesh Decomposition.
[time:    17.435 s, hwm: 146.9 M] End Mesh Decomposition.
[time:    17.460 s, hwm: 146.9 M] Begin Mesh Decomposition.
[time:    17.476 s, hwm: 146.9 M] End Mesh Decomposition.
[time:    17.495 s, hwm: 146.9 M] Begin Mesh Decomposition.
[time:    17.510 s, hwm: 146.9 M] End Mesh Decomposition.
[time:    17.535 s, hwm: 146.9 M] Begin Mesh Decomposition.
[time:    17.550 s, hwm: 146.9 M] End Mesh Decomposition.
[time:    17.569 s, hwm: 146.9 M] Begin Mesh Decomposition.
[time:    17.583 s, hwm: 146.9 M] End Mesh Decomposition.
[time:    17.608 s, hwm: 146.9 M] Begin Mesh Decomposition.
[time:    17.623 s, hwm: 146.9 M] End Mesh Decomposition.
[time:    17.657 s, hwm: 146.9 M] Begin Mesh Decomposition.
[time:    17.672 s, hwm: 146.9 M] End Mesh Decomposition.
[time:    17.697 s, hwm: 146.9 M] Begin Mesh Decomposition.
[time:    17.714 s, hwm: 146.9 M] End Mesh Decomposition.
Criterion Internal Elastic Energy value: 0.258
[time:    17.747 s, hwm: 146.9 M] Begin Mesh Decomposition.
[time:    17.763 s, hwm: 146.9 M] End Mesh Decomposition.
Criterion My Volume value: 0.607
[time:    17.795 s, hwm: 146.9 M] Begin Mesh Decomposition.
[time:    17.810 s, hwm: 146.9 M] End Mesh Decomposition.
[time:    17.850 s, hwm: 146.9 M] Begin Mesh Decomposition.
[time:    17.865 s, hwm: 146.9 M] End Mesh Decomposition.
[time:    17.889 s, hwm: 146.9 M] Begin Mesh Decomposition.
[time:    17.904 s, hwm: 146.9 M] End Mesh Decomposition.
[time:    17.944 s, hwm: 146.9 M] Begin Mesh Decomposition.
[time:    17.960 s, hwm: 146.9 M] End Mesh Decomposition.
[time:    17.985 s, hwm: 146.9 M] Begin Mesh Decomposition.
[time:    18.000 s, hwm: 146.9 M] End Mesh Decomposition.
[time:    18.034 s, hwm: 146.9 M] Begin Mesh Decomposition.
[time:    18.051 s, hwm: 146.9 M] End Mesh Decomposition.
[time:    18.078 s, hwm: 146.9 M] Begin Mesh Decomposition.
[time:    18.094 s, hwm: 146.9 M] End Mesh Decomposition.
[time:    18.113 s, hwm: 146.9 M] Begin Mesh Decomposition.
[time:    18.128 s, hwm: 146.9 M] End Mesh Decomposition.
[time:    18.153 s, hwm: 146.9 M] Begin Mesh Decomposition.
[time:    18.168 s, hwm: 146.9 M] End Mesh Decomposition.
[time:    18.187 s, hwm: 146.9 M] Begin Mesh Decomposition.
[time:    18.203 s, hwm: 146.9 M] End Mesh Decomposition.
[time:    18.228 s, hwm: 146.9 M] Begin Mesh Decomposition.
[time:    18.245 s, hwm: 146.9 M] End Mesh Decomposition.
[time:    18.281 s, hwm: 146.9 M] Begin Mesh Decomposition.
[time:    18.297 s, hwm: 146.9 M] End Mesh Decomposition.
[time:    18.322 s, hwm: 146.9 M] Begin Mesh Decomposition.
[time:    18.338 s, hwm: 146.9 M] End Mesh Decomposition.
Criterion Internal Elastic Energy value: 0.242
[time:    18.373 s, hwm: 146.9 M] Begin Mesh Decomposition.
[time:    18.389 s, hwm: 146.9 M] End Mesh Decomposition.
Criterion My Volume value: 0.634
[time:    18.425 s, hwm: 146.9 M] Begin Mesh Decomposition.
[time:    18.453 s, hwm: 146.9 M] End Mesh Decomposition.
[time:    18.489 s, hwm: 146.9 M] Begin Mesh Decomposition.
[time:    18.516 s, hwm: 146.9 M] End Mesh Decomposition.
[time:    18.544 s, hwm: 146.9 M] Begin Mesh Decomposition.
[time:    18.560 s, hwm: 146.9 M] End Mesh Decomposition.
[time:    18.579 s, hwm: 146.9 M] Begin Mesh Decomposition.
[time:    18.595 s, hwm: 146.9 M] End Mesh Decomposition.
[time:    18.620 s, hwm: 146.9 M] Begin Mesh Decomposition.
[time:    18.635 s, hwm: 146.9 M] End Mesh Decomposition.
[time:    18.659 s, hwm: 146.9 M] Begin Mesh Decomposition.
[time:    18.675 s, hwm: 146.9 M] End Mesh Decomposition.
[time:    18.700 s, hwm: 146.9 M] Begin Mesh Decomposition.
[time:    18.716 s, hwm: 146.9 M] End Mesh Decomposition.
[time:    18.755 s, hwm: 146.9 M] Begin Mesh Decomposition.
[time:    18.771 s, hwm: 146.9 M] End Mesh Decomposition.
[time:    18.795 s, hwm: 146.9 M] Begin Mesh Decomposition.
[time:    18.812 s, hwm: 146.9 M] End Mesh Decomposition.
[time:    18.832 s, hwm: 146.9 M] Begin Mesh Decomposition.
[time:    18.847 s, hwm: 146.9 M] End Mesh Decomposition.
[time:    18.872 s, hwm: 146.9 M] Begin Mesh Decomposition.
[time:    18.887 s, hwm: 146.9 M] End Mesh Decomposition.
[time:    18.908 s, hwm: 146.9 M] Begin Mesh Decomposition.
[time:    18.924 s, hwm: 146.9 M] End Mesh Decomposition.
[time:    18.949 s, hwm: 146.9 M] Begin Mesh Decomposition.
[time:    18.965 s, hwm: 146.9 M] End Mesh Decomposition.
[time:    18.985 s, hwm: 146.9 M] Begin Mesh Decomposition.
[time:    19.001 s, hwm: 146.9 M] End Mesh Decomposition.
[time:    19.026 s, hwm: 146.9 M] Begin Mesh Decomposition.
[time:    19.042 s, hwm: 146.9 M] End Mesh Decomposition.
[time:    19.076 s, hwm: 146.9 M] Begin Mesh Decomposition.
[time:    19.091 s, hwm: 146.9 M] End Mesh Decomposition.
[time:    19.116 s, hwm: 146.9 M] Begin Mesh Decomposition.
[time:    19.134 s, hwm: 146.9 M] End Mesh Decomposition.
Criterion Internal Elastic Energy value: 0.235
[time:    19.169 s, hwm: 146.9 M] Begin Mesh Decomposition.
[time:    19.185 s, hwm: 146.9 M] End Mesh Decomposition.
Criterion My Volume value: 0.645
[time:    19.220 s, hwm: 146.9 M] Begin Mesh Decomposition.
[time:    19.236 s, hwm: 146.9 M] End Mesh Decomposition.
[time:    19.261 s, hwm: 146.9 M] Begin Mesh Decomposition.
[time:    19.277 s, hwm: 146.9 M] End Mesh Decomposition.
[time:    19.301 s, hwm: 146.9 M] Begin Mesh Decomposition.
[time:    19.318 s, hwm: 146.9 M] End Mesh Decomposition.
[time:    19.337 s, hwm: 146.9 M] Begin Mesh Decomposition.
[time:    19.352 s, hwm: 146.9 M] End Mesh Decomposition.
[time:    19.378 s, hwm: 146.9 M] Begin Mesh Decomposition.
[time:    19.394 s, hwm: 146.9 M] End Mesh Decomposition.
[time:    19.419 s, hwm: 146.9 M] Begin Mesh Decomposition.
[time:    19.434 s, hwm: 146.9 M] End Mesh Decomposition.
[time:    19.459 s, hwm: 146.9 M] Begin Mesh Decomposition.
[time:    19.474 s, hwm: 146.9 M] End Mesh Decomposition.
[time:    19.519 s, hwm: 146.9 M] Begin Mesh Decomposition.
[time:    19.540 s, hwm: 146.9 M] End Mesh Decomposition.
[time:    19.566 s, hwm: 146.9 M] Begin Mesh Decomposition.
[time:    19.582 s, hwm: 146.9 M] End Mesh Decomposition.
[time:    19.603 s, hwm: 146.9 M] Begin Mesh Decomposition.
[time:    19.618 s, hwm: 146.9 M] End Mesh Decomposition.
[time:    19.643 s, hwm: 146.9 M] Begin Mesh Decomposition.
[time:    19.659 s, hwm: 146.9 M] End Mesh Decomposition.
[time:    19.678 s, hwm: 146.9 M] Begin Mesh Decomposition.
[time:    19.693 s, hwm: 146.9 M] End Mesh Decomposition.
[time:    19.718 s, hwm: 146.9 M] Begin Mesh Decomposition.
[time:    19.734 s, hwm: 146.9 M] End Mesh Decomposition.
[time:    19.752 s, hwm: 146.9 M] Begin Mesh Decomposition.
[time:    19.768 s, hwm: 146.9 M] End Mesh Decomposition.
[time:    19.792 s, hwm: 146.9 M] Begin Mesh Decomposition.
[time:    19.808 s, hwm: 146.9 M] End Mesh Decomposition.
[time:    19.842 s, hwm: 146.9 M] Begin Mesh Decomposition.
[time:    19.858 s, hwm: 146.9 M] End Mesh Decomposition.
[time:    19.883 s, hwm: 146.9 M] Begin Mesh Decomposition.
[time:    19.899 s, hwm: 146.9 M] End Mesh Decomposition.
Criterion Internal Elastic Energy value: 0.240
[time:    19.933 s, hwm: 146.9 M] Begin Mesh Decomposition.
[time:    19.949 s, hwm: 146.9 M] End Mesh Decomposition.
Criterion My Volume value: 0.638
[time:    19.980 s, hwm: 146.9 M] Begin Mesh Decomposition.
[time:    19.996 s, hwm: 146.9 M] End Mesh Decomposition.
[time:    20.030 s, hwm: 146.9 M] Begin Mesh Decomposition.
[time:    20.045 s, hwm: 146.9 M] End Mesh Decomposition.
[time:    20.070 s, hwm: 146.9 M] Begin Mesh Decomposition.
[time:    20.085 s, hwm: 146.9 M] End Mesh Decomposition.
Criterion Internal Elastic Energy value: 0.235
[time:    20.123 s, hwm: 146.9 M] Begin Mesh Decomposition.
[time:    20.138 s, hwm: 146.9 M] End Mesh Decomposition.
Criterion My Volume value: 0.645
[time:    20.161 s, hwm: 146.9 M] Begin Mesh Decomposition.
[time:    20.178 s, hwm: 146.9 M] End Mesh Decomposition.
[time:    20.205 s, hwm: 146.9 M] Begin Mesh Decomposition.
[time:    20.224 s, hwm: 146.9 M] End Mesh Decomposition.
[time:    20.250 s, hwm: 146.9 M] Begin Mesh Decomposition.
[time:    20.266 s, hwm: 146.9 M] End Mesh Decomposition.
[time:    20.286 s, hwm: 146.9 M] Begin Mesh Decomposition.
[time:    20.301 s, hwm: 146.9 M] End Mesh Decomposition.
[time:    20.326 s, hwm: 146.9 M] Begin Mesh Decomposition.
[time:    20.342 s, hwm: 146.9 M] End Mesh Decomposition.
[time:    20.366 s, hwm: 146.9 M] Begin Mesh Decomposition.
[time:    20.384 s, hwm: 146.9 M] End Mesh Decomposition.
[time:    20.409 s, hwm: 146.9 M] Begin Mesh Decomposition.
[time:    20.424 s, hwm: 146.9 M] End Mesh Decomposition.
[time:    20.465 s, hwm: 146.9 M] Begin Mesh Decomposition.
[time:    20.481 s, hwm: 146.9 M] End Mesh Decomposition.
[time:    20.507 s, hwm: 146.9 M] Begin Mesh Decomposition.
[time:    20.523 s, hwm: 146.9 M] End Mesh Decomposition.
[time:    20.542 s, hwm: 146.9 M] Begin Mesh Decomposition.
[time:    20.557 s, hwm: 146.9 M] End Mesh Decomposition.
[time:    20.582 s, hwm: 146.9 M] Begin Mesh Decomposition.
[time:    20.598 s, hwm: 146.9 M] End Mesh Decomposition.
[time:    20.617 s, hwm: 146.9 M] Begin Mesh Decomposition.
[time:    20.633 s, hwm: 146.9 M] End Mesh Decomposition.
[time:    20.657 s, hwm: 146.9 M] Begin Mesh Decomposition.
[time:    20.672 s, hwm: 146.9 M] End Mesh Decomposition.
[time:    20.692 s, hwm: 146.9 M] Begin Mesh Decomposition.
[time:    20.707 s, hwm: 146.9 M] End Mesh Decomposition.
[time:    20.732 s, hwm: 146.9 M] Begin Mesh Decomposition.
[time:    20.747 s, hwm: 146.9 M] End Mesh Decomposition.
[time:    20.782 s, hwm: 146.9 M] Begin Mesh Decomposition.
[time:    20.798 s, hwm: 146.9 M] End Mesh Decomposition.
[time:    20.823 s, hwm: 146.9 M] Begin Mesh Decomposition.
[time:    20.838 s, hwm: 146.9 M] End Mesh Decomposition.
[time:    20.882 s, hwm: 146.9 M] Begin Mesh Decomposition.
[time:    20.900 s, hwm: 146.9 M] End Mesh Decomposition.
[time:    20.927 s, hwm: 146.9 M] Begin Mesh Decomposition.
[time:    20.944 s, hwm: 146.9 M] End Mesh Decomposition.
[time:    20.987 s, hwm: 146.9 M] Begin Mesh Decomposition.
[time:    21.005 s, hwm: 146.9 M] End Mesh Decomposition.
[time:    21.032 s, hwm: 146.9 M] Begin Mesh Decomposition.
[time:    21.050 s, hwm: 146.9 M] End Mesh Decomposition.
[time:    21.084 s, hwm: 146.9 M] Begin Mesh Decomposition.
[time:    21.099 s, hwm: 146.9 M] End Mesh Decomposition.
[time:    21.124 s, hwm: 146.9 M] Begin Mesh Decomposition.
[time:    21.140 s, hwm: 146.9 M] End Mesh Decomposition.
[time:    21.160 s, hwm: 146.9 M] Begin Mesh Decomposition.
[time:    21.176 s, hwm: 146.9 M] End Mesh Decomposition.
[time:    21.202 s, hwm: 146.9 M] Begin Mesh Decomposition.
[time:    21.217 s, hwm: 146.9 M] End Mesh Decomposition.
[time:    21.237 s, hwm: 146.9 M] Begin Mesh Decomposition.
[time:    21.252 s, hwm: 146.9 M] End Mesh Decomposition.
[time:    21.277 s, hwm: 146.9 M] Begin Mesh Decomposition.
[time:    21.292 s, hwm: 146.9 M] End Mesh Decomposition.
[time:    21.326 s, hwm: 146.9 M] Begin Mesh Decomposition.
[time:    21.341 s, hwm: 146.9 M] End Mesh Decomposition.
[time:    21.365 s, hwm: 146.9 M] Begin Mesh Decomposition.
[time:    21.379 s, hwm: 146.9 M] End Mesh Decomposition.
Criterion Internal Elastic Energy value: 0.161
[time:    21.411 s, hwm: 146.9 M] Begin Mesh Decomposition.
[time:    21.430 s, hwm: 146.9 M] End Mesh Decomposition.
Criterion My Volume value: 0.480
[time:    21.463 s, hwm: 146.9 M] Begin Mesh Decomposition.
[time:    21.478 s, hwm: 146.9 M] End Mesh Decomposition.
[time:    21.518 s, hwm: 146.9 M] Begin Mesh Decomposition.
[time:    21.534 s, hwm: 146.9 M] End Mesh Decomposition.
[time:    21.559 s, hwm: 146.9 M] Begin Mesh Decomposition.
[time:    21.576 s, hwm: 146.9 M] End Mesh Decomposition.
[time:    21.618 s, hwm: 146.9 M] Begin Mesh Decomposition.
[time:    21.633 s, hwm: 146.9 M] End Mesh Decomposition.
[time:    21.659 s, hwm: 146.9 M] Begin Mesh Decomposition.
[time:    21.675 s, hwm: 146.9 M] End Mesh Decomposition.
[time:    21.709 s, hwm: 146.9 M] Begin Mesh Decomposition.
[time:    21.726 s, hwm: 146.9 M] End Mesh Decomposition.
[time:    21.751 s, hwm: 146.9 M] Begin Mesh Decomposition.
[time:    21.768 s, hwm: 146.9 M] End Mesh Decomposition.
[time:    21.788 s, hwm: 146.9 M] Begin Mesh Decomposition.
[time:    21.806 s, hwm: 146.9 M] End Mesh Decomposition.
[time:    21.834 s, hwm: 146.9 M] Begin Mesh Decomposition.
[time:    21.851 s, hwm: 146.9 M] End Mesh Decomposition.
[time:    21.871 s, hwm: 146.9 M] Begin Mesh Decomposition.
[time:    21.887 s, hwm: 146.9 M] End Mesh Decomposition.
[time:    21.913 s, hwm: 146.9 M] Begin Mesh Decomposition.
[time:    21.931 s, hwm: 146.9 M] End Mesh Decomposition.
[time:    21.968 s, hwm: 146.9 M] Begin Mesh Decomposition.
[time:    21.984 s, hwm: 146.9 M] End Mesh Decomposition.
[time:    22.010 s, hwm: 146.9 M] Begin Mesh Decomposition.
[time:    22.028 s, hwm: 146.9 M] End Mesh Decomposition.
Criterion Internal Elastic Energy value: 0.199
[time:    22.062 s, hwm: 146.9 M] Begin Mesh Decomposition.
[time:    22.078 s, hwm: 146.9 M] End Mesh Decomposition.
Criterion My Volume value: 0.518
[time:    22.111 s, hwm: 146.9 M] Begin Mesh Decomposition.
[time:    22.127 s, hwm: 146.9 M] End Mesh Decomposition.
[time:    22.167 s, hwm: 146.9 M] Begin Mesh Decomposition.
[time:    22.182 s, hwm: 146.9 M] End Mesh Decomposition.
[time:    22.208 s, hwm: 146.9 M] Begin Mesh Decomposition.
[time:    22.223 s, hwm: 146.9 M] End Mesh Decomposition.
[time:    22.264 s, hwm: 146.9 M] Begin Mesh Decomposition.
[time:    22.280 s, hwm: 146.9 M] End Mesh Decomposition.
[time:    22.305 s, hwm: 146.9 M] Begin Mesh Decomposition.
[time:    22.320 s, hwm: 146.9 M] End Mesh Decomposition.
[time:    22.354 s, hwm: 146.9 M] Begin Mesh Decomposition.
[time:    22.369 s, hwm: 146.9 M] End Mesh Decomposition.
[time:    22.394 s, hwm: 146.9 M] Begin Mesh Decomposition.
[time:    22.410 s, hwm: 146.9 M] End Mesh Decomposition.
[time:    22.429 s, hwm: 146.9 M] Begin Mesh Decomposition.
[time:    22.450 s, hwm: 146.9 M] End Mesh Decomposition.
[time:    22.482 s, hwm: 146.9 M] Begin Mesh Decomposition.
[time:    22.497 s, hwm: 146.9 M] End Mesh Decomposition.
[time:    22.517 s, hwm: 146.9 M] Begin Mesh Decomposition.
[time:    22.532 s, hwm: 146.9 M] End Mesh Decomposition.
[time:    22.557 s, hwm: 146.9 M] Begin Mesh Decomposition.
[time:    22.572 s, hwm: 146.9 M] End Mesh Decomposition.
[time:    22.607 s, hwm: 146.9 M] Begin Mesh Decomposition.
[time:    22.623 s, hwm: 146.9 M] End Mesh Decomposition.
[time:    22.650 s, hwm: 146.9 M] Begin Mesh Decomposition.
[time:    22.666 s, hwm: 146.9 M] End Mesh Decomposition.
Criterion Internal Elastic Energy value: 0.234
[time:    22.700 s, hwm: 146.9 M] Begin Mesh Decomposition.
[time:    22.716 s, hwm: 146.9 M] End Mesh Decomposition.
Criterion My Volume value: 0.553
[time:    22.752 s, hwm: 146.9 M] Begin Mesh Decomposition.
[time:    22.769 s, hwm: 146.9 M] End Mesh Decomposition.
[time:    22.815 s, hwm: 146.9 M] Begin Mesh Decomposition.
[time:    22.834 s, hwm: 146.9 M] End Mesh Decomposition.
[time:    22.862 s, hwm: 146.9 M] Begin Mesh Decomposition.
[time:    22.877 s, hwm: 146.9 M] End Mesh Decomposition.
[time:    22.921 s, hwm: 146.9 M] Begin Mesh Decomposition.
[time:    22.938 s, hwm: 146.9 M] End Mesh Decomposition.
[time:    22.964 s, hwm: 146.9 M] Begin Mesh Decomposition.
[time:    22.979 s, hwm: 146.9 M] End Mesh Decomposition.
[time:    23.013 s, hwm: 146.9 M] Begin Mesh Decomposition.
[time:    23.030 s, hwm: 146.9 M] End Mesh Decomposition.
[time:    23.058 s, hwm: 146.9 M] Begin Mesh Decomposition.
[time:    23.075 s, hwm: 146.9 M] End Mesh Decomposition.
[time:    23.097 s, hwm: 146.9 M] Begin Mesh Decomposition.
[time:    23.113 s, hwm: 146.9 M] End Mesh Decomposition.
[time:    23.143 s, hwm: 146.9 M] Begin Mesh Decomposition.
[time:    23.160 s, hwm: 146.9 M] End Mesh Decomposition.
[time:    23.180 s, hwm: 146.9 M] Begin Mesh Decomposition.
[time:    23.196 s, hwm: 146.9 M] End Mesh Decomposition.
[time:    23.221 s, hwm: 146.9 M] Begin Mesh Decomposition.
[time:    23.238 s, hwm: 146.9 M] End Mesh Decomposition.
[time:    23.272 s, hwm: 146.9 M] Begin Mesh Decomposition.
[time:    23.288 s, hwm: 146.9 M] End Mesh Decomposition.
[time:    23.314 s, hwm: 146.9 M] Begin Mesh Decomposition.
[time:    23.330 s, hwm: 146.9 M] End Mesh Decomposition.
Criterion Internal Elastic Energy value: 0.252
[time:    23.363 s, hwm: 146.9 M] Begin Mesh Decomposition.
[time:    23.379 s, hwm: 146.9 M] End Mesh Decomposition.
Criterion My Volume value: 0.583
[time:    23.411 s, hwm: 146.9 M] Begin Mesh Decomposition.
[time:    23.426 s, hwm: 146.9 M] End Mesh Decomposition.
[time:    23.465 s, hwm: 146.9 M] Begin Mesh Decomposition.
[time:    23.481 s, hwm: 146.9 M] End Mesh Decomposition.
[time:    23.507 s, hwm: 146.9 M] Begin Mesh Decomposition.
[time:    23.522 s, hwm: 146.9 M] End Mesh Decomposition.
[time:    23.561 s, hwm: 146.9 M] Begin Mesh Decomposition.
[time:    23.576 s, hwm: 146.9 M] End Mesh Decomposition.
[time:    23.600 s, hwm: 146.9 M] Begin Mesh Decomposition.
[time:    23.615 s, hwm: 146.9 M] End Mesh Decomposition.
[time:    23.653 s, hwm: 146.9 M] Begin Mesh Decomposition.
[time:    23.670 s, hwm: 146.9 M] End Mesh Decomposition.
[time:    23.696 s, hwm: 146.9 M] Begin Mesh Decomposition.
[time:    23.712 s, hwm: 146.9 M] End Mesh Decomposition.
[time:    23.732 s, hwm: 146.9 M] Begin Mesh Decomposition.
[time:    23.748 s, hwm: 146.9 M] End Mesh Decomposition.
[time:    23.773 s, hwm: 146.9 M] Begin Mesh Decomposition.
[time:    23.789 s, hwm: 146.9 M] End Mesh Decomposition.
[time:    23.808 s, hwm: 146.9 M] Begin Mesh Decomposition.
[time:    23.823 s, hwm: 146.9 M] End Mesh Decomposition.
[time:    23.849 s, hwm: 146.9 M] Begin Mesh Decomposition.
[time:    23.864 s, hwm: 146.9 M] End Mesh Decomposition.
[time:    23.903 s, hwm: 146.9 M] Begin Mesh Decomposition.
[time:    23.920 s, hwm: 146.9 M] End Mesh Decomposition.
[time:    23.944 s, hwm: 146.9 M] Begin Mesh Decomposition.
[time:    23.960 s, hwm: 146.9 M] End Mesh Decomposition.
Criterion Internal Elastic Energy value: 0.254
[time:    23.992 s, hwm: 146.9 M] Begin Mesh Decomposition.
[time:    24.008 s, hwm: 146.9 M] End Mesh Decomposition.
Criterion My Volume value: 0.607
[time:    24.043 s, hwm: 146.9 M] Begin Mesh Decomposition.
[time:    24.058 s, hwm: 146.9 M] End Mesh Decomposition.
[time:    24.096 s, hwm: 146.9 M] Begin Mesh Decomposition.
[time:    24.112 s, hwm: 146.9 M] End Mesh Decomposition.
[time:    24.135 s, hwm: 146.9 M] Begin Mesh Decomposition.
[time:    24.151 s, hwm: 146.9 M] End Mesh Decomposition.
[time:    24.190 s, hwm: 146.9 M] Begin Mesh Decomposition.
[time:    24.206 s, hwm: 146.9 M] End Mesh Decomposition.
[time:    24.231 s, hwm: 146.9 M] Begin Mesh Decomposition.
[time:    24.247 s, hwm: 146.9 M] End Mesh Decomposition.
[time:    24.280 s, hwm: 146.9 M] Begin Mesh Decomposition.
[time:    24.296 s, hwm: 146.9 M] End Mesh Decomposition.
[time:    24.319 s, hwm: 146.9 M] Begin Mesh Decomposition.
[time:    24.335 s, hwm: 146.9 M] End Mesh Decomposition.
[time:    24.353 s, hwm: 146.9 M] Begin Mesh Decomposition.
[time:    24.368 s, hwm: 146.9 M] End Mesh Decomposition.
[time:    24.392 s, hwm: 146.9 M] Begin Mesh Decomposition.
[time:    24.407 s, hwm: 146.9 M] End Mesh Decomposition.
[time:    24.425 s, hwm: 146.9 M] Begin Mesh Decomposition.
[time:    24.441 s, hwm: 146.9 M] End Mesh Decomposition.
[time:    24.464 s, hwm: 146.9 M] Begin Mesh Decomposition.
[time:    24.481 s, hwm: 146.9 M] End Mesh Decomposition.
[time:    24.514 s, hwm: 146.9 M] Begin Mesh Decomposition.
[time:    24.530 s, hwm: 146.9 M] End Mesh Decomposition.
[time:    24.555 s, hwm: 146.9 M] Begin Mesh Decomposition.
[time:    24.571 s, hwm: 146.9 M] End Mesh Decomposition.
Criterion Internal Elastic Energy value: 0.248
[time:    24.604 s, hwm: 146.9 M] Begin Mesh Decomposition.
[time:    24.620 s, hwm: 146.9 M] End Mesh Decomposition.
Criterion My Volume value: 0.623
[time:    24.653 s, hwm: 146.9 M] Begin Mesh Decomposition.
[time:    24.669 s, hwm: 146.9 M] End Mesh Decomposition.
[time:    24.708 s, hwm: 146.9 M] Begin Mesh Decomposition.
[time:    24.723 s, hwm: 146.9 M] End Mesh Decomposition.
[time:    24.746 s, hwm: 146.9 M] Begin Mesh Decomposition.
[time:    24.762 s, hwm: 146.9 M] End Mesh Decomposition.
[time:    24.800 s, hwm: 146.9 M] Begin Mesh Decomposition.
[time:    24.815 s, hwm: 146.9 M] End Mesh Decomposition.
[time:    24.839 s, hwm: 146.9 M] Begin Mesh Decomposition.
[time:    24.854 s, hwm: 146.9 M] End Mesh Decomposition.
[time:    24.887 s, hwm: 146.9 M] Begin Mesh Decomposition.
[time:    24.903 s, hwm: 146.9 M] End Mesh Decomposition.
[time:    24.927 s, hwm: 146.9 M] Begin Mesh Decomposition.
[time:    24.942 s, hwm: 146.9 M] End Mesh Decomposition.
[time:    24.961 s, hwm: 146.9 M] Begin Mesh Decomposition.
[time:    24.977 s, hwm: 146.9 M] End Mesh Decomposition.
[time:    25.000 s, hwm: 146.9 M] Begin Mesh Decomposition.
[time:    25.015 s, hwm: 146.9 M] End Mesh Decomposition.
[time:    25.033 s, hwm: 146.9 M] Begin Mesh Decomposition.
[time:    25.048 s, hwm: 146.9 M] End Mesh Decomposition.
[time:    25.071 s, hwm: 146.9 M] Begin Mesh Decomposition.
[time:    25.086 s, hwm: 146.9 M] End Mesh Decomposition.
[time:    25.121 s, hwm: 146.9 M] Begin Mesh Decomposition.
[time:    25.136 s, hwm: 146.9 M] End Mesh Decomposition.
[time:    25.161 s, hwm: 146.9 M] Begin Mesh Decomposition.
[time:    25.177 s, hwm: 146.9 M] End Mesh Decomposition.
Criterion Internal Elastic Energy value: 0.244
[time:    25.211 s, hwm: 146.9 M] Begin Mesh Decomposition.
[time:    25.228 s, hwm: 146.9 M] End Mesh Decomposition.
Criterion My Volume value: 0.634
[time:    25.261 s, hwm: 146.9 M] Begin Mesh Decomposition.
[time:    25.276 s, hwm: 146.9 M] End Mesh Decomposition.
[time:    25.315 s, hwm: 146.9 M] Begin Mesh Decomposition.
[time:    25.331 s, hwm: 146.9 M] End Mesh Decomposition.
[time:    25.356 s, hwm: 146.9 M] Begin Mesh Decomposition.
[time:    25.371 s, hwm: 146.9 M] End Mesh Decomposition.
[time:    25.411 s, hwm: 146.9 M] Begin Mesh Decomposition.
[time:    25.426 s, hwm: 146.9 M] End Mesh Decomposition.
[time:    25.451 s, hwm: 146.9 M] Begin Mesh Decomposition.
[time:    25.466 s, hwm: 146.9 M] End Mesh Decomposition.
[time:    25.500 s, hwm: 146.9 M] Begin Mesh Decomposition.
[time:    25.515 s, hwm: 146.9 M] End Mesh Decomposition.
[time:    25.539 s, hwm: 146.9 M] Begin Mesh Decomposition.
[time:    25.555 s, hwm: 146.9 M] End Mesh Decomposition.
[time:    25.575 s, hwm: 146.9 M] Begin Mesh Decomposition.
[time:    25.591 s, hwm: 146.9 M] End Mesh Decomposition.
[time:    25.616 s, hwm: 146.9 M] Begin Mesh Decomposition.
[time:    25.631 s, hwm: 146.9 M] End Mesh Decomposition.
[time:    25.650 s, hwm: 146.9 M] Begin Mesh Decomposition.
[time:    25.666 s, hwm: 146.9 M] End Mesh Decomposition.
[time:    25.690 s, hwm: 146.9 M] Begin Mesh Decomposition.
[time:    25.706 s, hwm: 146.9 M] End Mesh Decomposition.
[time:    25.740 s, hwm: 146.9 M] Begin Mesh Decomposition.
[time:    25.755 s, hwm: 146.9 M] End Mesh Decomposition.
[time:    25.780 s, hwm: 146.9 M] Begin Mesh Decomposition.
[time:    25.803 s, hwm: 146.9 M] End Mesh Decomposition.
Criterion Internal Elastic Energy value: 0.239
[time:    25.836 s, hwm: 146.9 M] Begin Mesh Decomposition.
[time:    25.851 s, hwm: 146.9 M] End Mesh Decomposition.
Criterion My Volume value: 0.639
[time:    25.884 s, hwm: 146.9 M] Begin Mesh Decomposition.
[time:    25.899 s, hwm: 146.9 M] End Mesh Decomposition.
[time:    25.940 s, hwm: 146.9 M] Begin Mesh Decomposition.
[time:    25.956 s, hwm: 146.9 M] End Mesh Decomposition.
[time:    25.980 s, hwm: 146.9 M] Begin Mesh Decomposition.
[time:    25.996 s, hwm: 146.9 M] End Mesh Decomposition.
[time:    26.035 s, hwm: 146.9 M] Begin Mesh Decomposition.
[time:    26.050 s, hwm: 146.9 M] End Mesh Decomposition.
[time:    26.075 s, hwm: 146.9 M] Begin Mesh Decomposition.
[time:    26.093 s, hwm: 146.9 M] End Mesh Decomposition.
[time:    26.129 s, hwm: 146.9 M] Begin Mesh Decomposition.
[time:    26.146 s, hwm: 146.9 M] End Mesh Decomposition.
[time:    26.175 s, hwm: 146.9 M] Begin Mesh Decomposition.
[time:    26.195 s, hwm: 146.9 M] End Mesh Decomposition.
[time:    26.216 s, hwm: 146.9 M] Begin Mesh Decomposition.
[time:    26.233 s, hwm: 146.9 M] End Mesh Decomposition.
[time:    26.258 s, hwm: 146.9 M] Begin Mesh Decomposition.
[time:    26.273 s, hwm: 146.9 M] End Mesh Decomposition.
[time:    26.292 s, hwm: 146.9 M] Begin Mesh Decomposition.
[time:    26.307 s, hwm: 146.9 M] End Mesh Decomposition.
[time:    26.332 s, hwm: 146.9 M] Begin Mesh Decomposition.
[time:    26.347 s, hwm: 146.9 M] End Mesh Decomposition.
[time:    26.381 s, hwm: 146.9 M] Begin Mesh Decomposition.
[time:    26.396 s, hwm: 146.9 M] End Mesh Decomposition.
[time:    26.420 s, hwm: 146.9 M] Begin Mesh Decomposition.
[time:    26.435 s, hwm: 146.9 M] End Mesh Decomposition.
Criterion Internal Elastic Energy value: 0.236
[time:    26.468 s, hwm: 146.9 M] Begin Mesh Decomposition.
[time:    26.484 s, hwm: 146.9 M] End Mesh Decomposition.
Criterion My Volume value: 0.642
[time:    26.518 s, hwm: 146.9 M] Begin Mesh Decomposition.
[time:    26.533 s, hwm: 146.9 M] End Mesh Decomposition.
[time:    26.574 s, hwm: 146.9 M] Begin Mesh Decomposition.
[time:    26.591 s, hwm: 146.9 M] End Mesh Decomposition.
[time:    26.630 s, hwm: 146.9 M] Begin Mesh Decomposition.
[time:    26.645 s, hwm: 146.9 M] End Mesh Decomposition.
[time:    26.688 s, hwm: 146.9 M] Begin Mesh Decomposition.
[time:    26.704 s, hwm: 146.9 M] End Mesh Decomposition.
[time:    26.732 s, hwm: 146.9 M] Begin Mesh Decomposition.
[time:    26.748 s, hwm: 146.9 M] End Mesh Decomposition.
[time:    26.784 s, hwm: 146.9 M] Begin Mesh Decomposition.
[time:    26.810 s, hwm: 146.9 M] End Mesh Decomposition.
[time:    26.836 s, hwm: 146.9 M] Begin Mesh Decomposition.
[time:    26.851 s, hwm: 146.9 M] End Mesh Decomposition.
[time:    26.871 s, hwm: 146.9 M] Begin Mesh Decomposition.
[time:    26.886 s, hwm: 146.9 M] End Mesh Decomposition.
[time:    26.910 s, hwm: 146.9 M] Begin Mesh Decomposition.
[time:    26.926 s, hwm: 146.9 M] End Mesh Decomposition.
[time:    26.944 s, hwm: 146.9 M] Begin Mesh Decomposition.
[time:    26.959 s, hwm: 146.9 M] End Mesh Decomposition.
[time:    26.984 s, hwm: 146.9 M] Begin Mesh Decomposition.
[time:    26.999 s, hwm: 146.9 M] End Mesh Decomposition.
[time:    27.033 s, hwm: 146.9 M] Begin Mesh Decomposition.
[time:    27.049 s, hwm: 146.9 M] End Mesh Decomposition.
[time:    27.073 s, hwm: 146.9 M] Begin Mesh Decomposition.
[time:    27.088 s, hwm: 146.9 M] End Mesh Decomposition.
Criterion Internal Elastic Energy value: 0.235
[time:    27.121 s, hwm: 146.9 M] Begin Mesh Decomposition.
[time:    27.136 s, hwm: 146.9 M] End Mesh Decomposition.
Criterion My Volume value: 0.643
[time:    27.172 s, hwm: 146.9 M] Begin Mesh Decomposition.
[time:    27.189 s, hwm: 146.9 M] End Mesh Decomposition.
[time:    27.215 s, hwm: 146.9 M] Begin Mesh Decomposition.
[time:    27.232 s, hwm: 146.9 M] End Mesh Decomposition.
[time:    27.258 s, hwm: 146.9 M] Begin Mesh Decomposition.
[time:    27.273 s, hwm: 146.9 M] End Mesh Decomposition.
[...]
[time:    40.524 s, hwm: 146.9 M] Begin Mesh Decomposition.
[time:    40.538 s, hwm: 146.9 M] End Mesh Decomposition.
[time:    40.557 s, hwm: 146.9 M] Begin Mesh Decomposition.
[time:    40.571 s, hwm: 146.9 M] End Mesh Decomposition.
[time:    40.595 s, hwm: 146.9 M] Begin Mesh Decomposition.
[time:    40.608 s, hwm: 146.9 M] End Mesh Decomposition.
[time:    40.627 s, hwm: 146.9 M] Begin Mesh Decomposition.
[time:    40.640 s, hwm: 146.9 M] End Mesh Decomposition.
[time:    40.665 s, hwm: 146.9 M] Begin Mesh Decomposition.
[time:    40.679 s, hwm: 146.9 M] End Mesh Decomposition.
[time:    40.714 s, hwm: 146.9 M] Begin Mesh Decomposition.
[time:    40.728 s, hwm: 146.9 M] End Mesh Decomposition.
[time:    40.752 s, hwm: 146.9 M] Begin Mesh Decomposition.
[time:    40.764 s, hwm: 146.9 M] End Mesh Decomposition.
Criterion Internal Elastic Energy value: 0.216
[time:    40.794 s, hwm: 146.9 M] Begin Mesh Decomposition.
[time:    40.806 s, hwm: 146.9 M] End Mesh Decomposition.
Criterion My Volume value: 0.640
[time:    40.836 s, hwm: 146.9 M] Begin Mesh Decomposition.
[time:    40.849 s, hwm: 146.9 M] End Mesh Decomposition.
[time:    40.886 s, hwm: 146.9 M] Begin Mesh Decomposition.
[time:    40.900 s, hwm: 146.9 M] End Mesh Decomposition.
[time:    40.925 s, hwm: 146.9 M] Begin Mesh Decomposition.
[time:    40.938 s, hwm: 146.9 M] End Mesh Decomposition.
[time:    40.975 s, hwm: 146.9 M] Begin Mesh Decomposition.
[time:    40.989 s, hwm: 146.9 M] End Mesh Decomposition.
[time:    41.013 s, hwm: 146.9 M] Begin Mesh Decomposition.
[time:    41.026 s, hwm: 146.9 M] End Mesh Decomposition.
[time:    41.059 s, hwm: 146.9 M] Begin Mesh Decomposition.
[time:    41.072 s, hwm: 146.9 M] End Mesh Decomposition.
[time:    41.097 s, hwm: 146.9 M] Begin Mesh Decomposition.
[time:    41.110 s, hwm: 146.9 M] End Mesh Decomposition.
[time:    41.128 s, hwm: 146.9 M] Begin Mesh Decomposition.
[time:    41.142 s, hwm: 146.9 M] End Mesh Decomposition.
[time:    41.166 s, hwm: 146.9 M] Begin Mesh Decomposition.
[time:    41.179 s, hwm: 146.9 M] End Mesh Decomposition.
[time:    41.199 s, hwm: 146.9 M] Begin Mesh Decomposition.
[time:    41.212 s, hwm: 146.9 M] End Mesh Decomposition.
[time:    41.237 s, hwm: 146.9 M] Begin Mesh Decomposition.
[time:    41.250 s, hwm: 146.9 M] End Mesh Decomposition.
[time:    41.284 s, hwm: 146.9 M] Begin Mesh Decomposition.
[time:    41.297 s, hwm: 146.9 M] End Mesh Decomposition.
[time:    41.322 s, hwm: 146.9 M] Begin Mesh Decomposition.
[time:    41.333 s, hwm: 146.9 M] End Mesh Decomposition.
Criterion Internal Elastic Energy value: 0.217
[time:    41.364 s, hwm: 146.9 M] Begin Mesh Decomposition.
[time:    41.375 s, hwm: 146.9 M] End Mesh Decomposition.
Criterion My Volume value: 0.639
[time:    41.405 s, hwm: 146.9 M] Begin Mesh Decomposition.
[time:    41.418 s, hwm: 146.9 M] End Mesh Decomposition.
[time:    41.455 s, hwm: 146.9 M] Begin Mesh Decomposition.
[time:    41.468 s, hwm: 146.9 M] End Mesh Decomposition.
[time:    41.492 s, hwm: 146.9 M] Begin Mesh Decomposition.
[time:    41.505 s, hwm: 146.9 M] End Mesh Decomposition.
[time:    41.543 s, hwm: 146.9 M] Begin Mesh Decomposition.
[time:    41.556 s, hwm: 146.9 M] End Mesh Decomposition.
[time:    41.580 s, hwm: 146.9 M] Begin Mesh Decomposition.
[time:    41.593 s, hwm: 146.9 M] End Mesh Decomposition.
[time:    41.625 s, hwm: 146.9 M] Begin Mesh Decomposition.
[time:    41.639 s, hwm: 146.9 M] End Mesh Decomposition.
[time:    41.663 s, hwm: 146.9 M] Begin Mesh Decomposition.
[time:    41.676 s, hwm: 146.9 M] End Mesh Decomposition.
[time:    41.694 s, hwm: 146.9 M] Begin Mesh Decomposition.
[time:    41.708 s, hwm: 146.9 M] End Mesh Decomposition.
[time:    41.732 s, hwm: 146.9 M] Begin Mesh Decomposition.
[time:    41.745 s, hwm: 146.9 M] End Mesh Decomposition.
[time:    41.764 s, hwm: 146.9 M] Begin Mesh Decomposition.
[time:    41.777 s, hwm: 146.9 M] End Mesh Decomposition.
[time:    41.801 s, hwm: 146.9 M] Begin Mesh Decomposition.
[time:    41.815 s, hwm: 146.9 M] End Mesh Decomposition.
[time:    41.848 s, hwm: 146.9 M] Begin Mesh Decomposition.
[time:    41.862 s, hwm: 146.9 M] End Mesh Decomposition.
[time:    41.888 s, hwm: 146.9 M] Begin Mesh Decomposition.
[time:    41.899 s, hwm: 146.9 M] End Mesh Decomposition.
Criterion Internal Elastic Energy value: 0.217
[time:    41.929 s, hwm: 146.9 M] Begin Mesh Decomposition.
[time:    41.940 s, hwm: 146.9 M] End Mesh Decomposition.
Criterion My Volume value: 0.638
[time:    41.970 s, hwm: 146.9 M] Begin Mesh Decomposition.
[time:    41.981 s, hwm: 146.9 M] End Mesh Decomposition.
[time:    42.004 s, hwm: 146.9 M] Begin Mesh Decomposition.
[time:    42.015 s, hwm: 146.9 M] End Mesh Decomposition.
[time:    42.039 s, hwm: 146.9 M] Begin Mesh Decomposition.
[time:    42.050 s, hwm: 146.9 M] End Mesh Decomposition.
[time:    42.069 s, hwm: 146.9 M] Begin Mesh Decomposition.
[time:    42.080 s, hwm: 146.9 M] End Mesh Decomposition.
[time:    42.103 s, hwm: 146.9 M] Begin Mesh Decomposition.
[time:    42.115 s, hwm: 146.9 M] End Mesh Decomposition.
[time:    42.139 s, hwm: 146.9 M] Begin Mesh Decomposition.
[time:    42.151 s, hwm: 146.9 M] End Mesh Decomposition.
[time:    42.175 s, hwm: 146.9 M] Begin Mesh Decomposition.
[time:    42.186 s, hwm: 146.9 M] End Mesh Decomposition.
[time:    42.221 s, hwm: 146.9 M] Begin Mesh Decomposition.
[time:    42.232 s, hwm: 146.9 M] End Mesh Decomposition.
[time:    42.256 s, hwm: 146.9 M] Begin Mesh Decomposition.
[time:    42.268 s, hwm: 146.9 M] End Mesh Decomposition.
[time:    42.286 s, hwm: 146.9 M] Begin Mesh Decomposition.
[time:    42.298 s, hwm: 146.9 M] End Mesh Decomposition.
[time:    42.321 s, hwm: 146.9 M] Begin Mesh Decomposition.
[time:    42.333 s, hwm: 146.9 M] End Mesh Decomposition.
[time:    42.353 s, hwm: 146.9 M] Begin Mesh Decomposition.
[time:    42.364 s, hwm: 146.9 M] End Mesh Decomposition.
[time:    42.388 s, hwm: 146.9 M] Begin Mesh Decomposition.
[time:    42.399 s, hwm: 146.9 M] End Mesh Decomposition.
[time:    42.416 s, hwm: 146.9 M] Begin Mesh Decomposition.
[time:    42.427 s, hwm: 146.9 M] End Mesh Decomposition.
[time:    42.451 s, hwm: 146.9 M] Begin Mesh Decomposition.
[time:    42.462 s, hwm: 146.9 M] End Mesh Decomposition.
[time:    42.493 s, hwm: 146.9 M] Begin Mesh Decomposition.
[time:    42.504 s, hwm: 146.9 M] End Mesh Decomposition.
[time:    42.528 s, hwm: 146.9 M] Begin Mesh Decomposition.
[time:    42.539 s, hwm: 146.9 M] End Mesh Decomposition.
Criterion Internal Elastic Energy value: 0.217
[time:    42.568 s, hwm: 146.9 M] Begin Mesh Decomposition.
[time:    42.578 s, hwm: 146.9 M] End Mesh Decomposition.
Criterion My Volume value: 0.637
[time:    42.607 s, hwm: 146.9 M] Begin Mesh Decomposition.
[time:    42.617 s, hwm: 146.9 M] End Mesh Decomposition.
[time:    42.640 s, hwm: 146.9 M] Begin Mesh Decomposition.
[time:    42.651 s, hwm: 146.9 M] End Mesh Decomposition.
[time:    42.674 s, hwm: 146.9 M] Begin Mesh Decomposition.
[time:    42.685 s, hwm: 146.9 M] End Mesh Decomposition.
[time:    42.703 s, hwm: 146.9 M] Begin Mesh Decomposition.
[time:    42.714 s, hwm: 146.9 M] End Mesh Decomposition.
[time:    42.738 s, hwm: 146.9 M] Begin Mesh Decomposition.
[time:    42.749 s, hwm: 146.9 M] End Mesh Decomposition.
[time:    42.768 s, hwm: 146.9 M] Begin Mesh Decomposition.
[time:    42.779 s, hwm: 146.9 M] End Mesh Decomposition.
Running unix-diff command:
numdiff -r 1e-4 ROL_Optimizer.txt ROL_Optimizer.txt.gold
----------------
##2       #:1   <== Augmented
##2       #:1   ==> Lin-More
@                                                     @@
##2       #:2   <== Lagrangian
##2       #:2   ==> Trust-Region
@                                                     @@
##2       #:3   <== Solver
##2       #:3   ==> Method
@                                                     @@
##2       #:5   <== G,
##2       #:5   ==> B,
@                                                     @@
##2       #:6   <== General
##2       #:6   ==> Bound
@                                                     @@
----------------
##3       #:1   <== Subproblem
##3       #:1   ==> iter
@                                                     @@
##3       #:2   <== Solver:
##3       #:2   ==> value
@                                                     @@
##3       #:3   <== Trust
##3       #:3   ==> gnorm
@                                                     @@
##3       #:4   <== Region
##3       #:4   ==> snorm
@                                                     @@
##3             <==
##3       #>5   ==> delta          #fval     #grad     #hess     #proj     tr_flag   
@ Line 3 in file "ROL_Optimizer.txt" is shorter than expected!
----------------
##4       #:1   <== iter
##4       #:1   ==> 0
@                                                     @@
##4       #:2   <== fval
##4       #:2   ==> 7.865749e-02
@                                                     @@
##4       #:3   <== cnorm
##4       #:3   ==> 5.760323e-03
@                                                     @@
##4       #:4   <== gLnorm
##4       #:4   ==> ---
@                                                     @@
##4       #:5   <== snorm
##4       #:5   ==> 1.500000e+01
@                                                     @@
##4       #:6   <== penalty
##4       #:6   ==> 1
@                                                     @@
##4       #:7   <== feasTol
##4       #:7   ==> 1
@                                                     @@
##4       #:8   <== optTol
##4       #:8   ==> 0
@                                                     @@
##4       #:9   <== #fval
##4       #:9   ==> 2
@                                                     @@
##4       #:10  <== #grad
##4       #:10  ==> ---
@                                                     @@
##4       #>11  <== #cval   subIter 
##4             ==>
@ Line 4 in file "ROL_Optimizer.txt.gold" is shorter than expected!
----------------
##5       #:1   <== 0
##5       #:1   ==> 1
@ Absolute error = 1.0000000000e+0, Relative error = Inf
##5       #:2   <== 1.513174e-01
##5       #:2   ==> 4.507737e-02
@ Absolute error = 1.0624003000e-1, Relative error = 2.3568373665e+0
##5       #:3   <== 2.583333e-01
##5       #:3   ==> 1.704329e-03
@ Absolute error = 2.5662897100e-1, Relative error = 1.5057478398e+2
##5       #:4   <== 5.669173e-01
##5       #:4   ==> 1.354875e+01
@ Absolute error = 1.2981832700e+1, Relative error = 2.2898988442e+1
##5       #:5   <== ---
##5       #:5   ==> 1.800000e+01
@                                                     @@
##5       #:6   <== 1.00e+01
##5       #:6   ==> 2
@ Absolute error = 8.0000000000e+0, Relative error = 4.0000000000e+0
##5       #:7   <== 1.26e-01
##5       #:7   ==> 2
@ Absolute error = 1.8740000000e+0, Relative error = 1.4873015873e+1
##5       #:8   <== 5.67e-03
##5       #:8   ==> 4
@ Absolute error = 3.9943300000e+0, Relative error = 7.0446737213e+2
##5       #:9   <== 1
##5       #:9   ==> 9
@ Absolute error = 8.0000000000e+0, Relative error = 8.0000000000e+0
##5       #:10  <== 1
##5       #:10  ==> 0
@ Absolute error = 1.0000000000e+0, Relative error = Inf
##5       #>11  <== 1       ---     
##5             ==>
@ Line 5 in file "ROL_Optimizer.txt.gold" is shorter than expected!
----------------
##6       #:1   <== 1
##6       #:1   ==> 2
@ Absolute error = 1.0000000000e+0, Relative error = 1.0000000000e+0
##6       #:2   <== 2.559582e-01
##6       #:2   ==> 3.923175e-02
@ Absolute error = 2.1672645000e-1, Relative error = 5.5242615993e+0
##6       #:3   <== 9.352657e-02
##6       #:3   ==> 1.188587e-03
@ Absolute error = 9.2337983000e-2, Relative error = 7.7687189074e+1
##6       #:4   <== 9.642270e-02
##6       #:4   ==> 4.232669e+00
@ Absolute error = 4.1362463000e+0, Relative error = 4.2897018026e+1
##6       #:5   <== 2.293200e+00
##6       #:5   ==> 2.160000e+01
@ Absolute error = 1.9306800000e+1, Relative error = 8.4191522763e+0
##6       #:6   <== 1.00e+01
##6       #:6   ==> 3
@ Absolute error = 7.0000000000e+0, Relative error = 2.3333333333e+0
##6       #:7   <== 1.26e-01
##6       #:7   ==> 3
@ Absolute error = 2.8740000000e+0, Relative error = 2.2809523810e+1
##6       #:8   <== 5.67e-03
##6       #:8   ==> 5
@ Absolute error = 4.9943300000e+0, Relative error = 8.8083421517e+2
##6       #:9   <== 12
##6       #:9   ==> 13
@ Absolute error = 1.0000000000e+0, Relative error = 8.3333333333e-2
##6       #:10  <== 6
##6       #:10  ==> 0
@ Absolute error = 6.0000000000e+0, Relative error = Inf
##6       #>11  <== 12      10      
##6             ==>
@ Line 6 in file "ROL_Optimizer.txt.gold" is shorter than expected!
----------------
##7       #:1   <== 2
##7       #:1   ==> 3
@ Absolute error = 1.0000000000e+0, Relative error = 5.0000000000e-1
##7       #:2   <== 2.345801e-01
##7       #:2   ==> 2.805296e-02
@ Absolute error = 2.0652714000e-1, Relative error = 7.3620445044e+0
##7       #:3   <== 5.534805e-02
##7       #:3   ==> 5.770517e-04
@ Absolute error = 5.4770998300e-2, Relative error = 9.4915236018e+1
##7       #:4   <== 9.088515e-02
##7       #:4   ==> 1.372302e+01
@ Absolute error = 1.3632134850e+1, Relative error = 1.4999298400e+2
##7       #:5   <== 2.181521e-01
##7       #:5   ==> 2.592000e+01
@ Absolute error = 2.5701847900e+1, Relative error = 1.1781618375e+2
##7       #:6   <== 1.00e+01
##7       #:6   ==> 4
@ Absolute error = 6.0000000000e+0, Relative error = 1.5000000000e+0
##7       #:7   <== 1.26e-01
##7       #:7   ==> 4
@ Absolute error = 3.8740000000e+0, Relative error = 3.0746031746e+1
##7       #:8   <== 5.67e-03
##7       #:8   ==> 7
@ Absolute error = 6.9943300000e+0, Relative error = 1.2335679012e+3
##7       #:9   <== 34
##7       #:9   ==> 18
@ Absolute error = 1.6000000000e+1, Relative error = 8.8888888889e-1
##7       #:10  <== 15
##7       #:10  ==> 0
@ Absolute error = 1.5000000000e+1, Relative error = Inf
##7       #>11  <== 34      10      
##7             ==>
@ Line 7 in file "ROL_Optimizer.txt.gold" is shorter than expected!
----------------
##8       #:1   <== 3
##8       #:1   ==> 4
@ Absolute error = 1.0000000000e+0, Relative error = 3.3333333333e-1
##8       #:2   <== 2.345249e-01
##8       #:2   ==> 2.417699e-02
@ Absolute error = 2.1034791000e-1, Relative error = 8.7003349052e+0
##8       #:3   <== 5.674710e-02
##8       #:3   ==> 2.990745e-04
@ Absolute error = 5.6448025500e-2, Relative error = 1.8874235517e+2
##8       #:4   <== 5.034627e-02
##8       #:4   ==> 1.640911e+01
@ Absolute error = 1.6358763730e+1, Relative error = 3.2492503874e+2
##8       #:5   <== 1.775101e-02
##8       #:5   ==> 3.110400e+01
@ Absolute error = 3.1086248990e+1, Relative error = 1.7512383233e+3
##8       #:6   <== 1.00e+01
##8       #:6   ==> 5
@ Absolute error = 5.0000000000e+0, Relative error = 1.0000000000e+0
##8       #:7   <== 1.26e-01
##8       #:7   ==> 5
@ Absolute error = 4.8740000000e+0, Relative error = 3.8682539683e+1
##8       #:8   <== 5.67e-03
##8       #:8   ==> 9
@ Absolute error = 8.9943300000e+0, Relative error = 1.5863015873e+3
##8       #:9   <== 67
##8       #:9   ==> 23
@ Absolute error = 4.4000000000e+1, Relative error = 1.9130434783e+0
##8       #:10  <== 26
##8       #:10  ==> 0
@ Absolute error = 2.6000000000e+1, Relative error = Inf
##8       #>11  <== 67      10      
##8             ==>
@ Line 8 in file "ROL_Optimizer.txt.gold" is shorter than expected!
----------------
##9       #:1   <== 4
##9       #:1   ==> 5
@ Absolute error = 1.0000000000e+0, Relative error = 2.5000000000e-1
##9       #:2   <== 2.168217e-01
##9       #:2   ==> 2.324776e-02
@ Absolute error = 1.9357394000e-1, Relative error = 8.3265630753e+0
##9       #:3   <== 6.225511e-02
##9       #:3   ==> 2.489824e-04
@ Absolute error = 6.2006127600e-2, Relative error = 2.4903819547e+2
##9       #:4   <== 3.432729e-02
##9       #:4   ==> 8.255865e+00
@ Absolute error = 8.2215377100e+0, Relative error = 2.3950442083e+2
##9       #:5   <== 6.019838e-01
##9       #:5   ==> 3.732480e+01
@ Absolute error = 3.6722816200e+1, Relative error = 6.1002997423e+1
##9       #:6   <== 1.00e+01
##9       #:6   ==> 6
@ Absolute error = 4.0000000000e+0, Relative error = 6.6666666667e-1
##9       #:7   <== 1.26e-01
##9       #:7   ==> 6
@ Absolute error = 5.8740000000e+0, Relative error = 4.6619047619e+1
##9       #:8   <== 5.67e-03
##9       #:8   ==> 11
@ Absolute error = 1.0994330000e+1, Relative error = 1.9390352734e+3
##9       #:9   <== 111
##9       #:9   ==> 26
@ Absolute error = 8.5000000000e+1, Relative error = 3.2692307692e+0
##9       #:10  <== 44
##9       #:10  ==> 0
@ Absolute error = 4.4000000000e+1, Relative error = Inf
##9       #>11  <== 111     10      
##9             ==>
@ Line 9 in file "ROL_Optimizer.txt.gold" is shorter than expected!
----------------
##10      #:1   <== 5
##10      #:1   ==> Optimization
@                                                     @@
##10      #:2   <== 2.166678e-01
##10      #:2   ==> Terminated
@                                                     @@
##10      #:3   <== 6.273257e-02
##10      #:3   ==> with
@                                                     @@
##10      #:4   <== 1.822746e-02
##10      #:4   ==> Status:
@                                                     @@
##10      #:5   <== 1.524462e-02
##10      #:5   ==> Iteration
@                                                     @@
##10      #:6   <== 1.00e+01
##10      #:6   ==> Limit
@                                                     @@
##10      #:7   <== 1.26e-01
##10      #:7   ==> Exceeded
@                                                     @@
##10      #>8   <== 5.67e-03  166     65      166     10      
##10            ==>
@ Line 10 in file "ROL_Optimizer.txt.gold" is shorter than ex
***  End of file "ROL_Optimizer.txt.gold" reached while trying to read line 11.
***  File "ROL_Optimizer.txt" has more lines than file "ROL_Optimizer.txt.gold",
pected!
----------------
##11      <== Optimization Terminated with Status: Iteration Limit Exceeded
          ==>

***  line 11 is the last one read from file "ROL_Optimizer.txt"


+++  File "ROL_Optimizer.txt" differs from file "ROL_Optimizer.txt.gold"
CMake Error at /ceeGPFS/fgs/bwclark/plato_move_krino_to_pe/plato/platoanalyze/spack-build-uc6pk4l/integration_tests/analyze/utilities/cmake/runnumdifftest.cmake:45 (message):
  Test failed


<end of output>
Test time =  43.32 sec
----------------------------------------------------------
Test Failed.
"analyze_functional_CompMin3D_Krino_bracket" end time: Jun 11 16:03 MDT
"analyze_functional_CompMin3D_Krino_bracket" time elapsed: 00:00:43
----------------------------------------------------------

2/2 Testing: analyze_functional_CompMin3D_Krino_bracket_Gradient_Check
2/2 Test: analyze_functional_CompMin3D_Krino_bracket_Gradient_Check
Command: "/ceeGPFS/fgs/bwclark/plato_move_krino_to_pe/plato/spack/opt/spack/linux-rhel8-x86_64/gcc-10.2.0/python-3.11.6-6kikp6tb6kng7n7r3mwo5yshlkry767j/bin/python" "/ceeGPFS/fgs/bwclark/plato_move_krino_to_pe/plato/platoanalyze/spack-build-uc6pk4l/integration_tests/analyze/utilities/python/confirm_gradient_convergence_trend.py" "1" "1e-1" "ROL_gradient_check_output.txt" "ROL_gradient_check_output.txt.gold" "5"
Directory: /ceeGPFS/fgs/bwclark/plato_move_krino_to_pe/plato/platoanalyze/spack-build-uc6pk4l/integration_tests/analyze/functional/CompMin3D_Krino_bracket
"analyze_functional_CompMin3D_Krino_bracket_Gradient_Check" start time: Jun 11 16:03 MDT
Output:
----------------------------------------------------------
[-0.554958063228384, -0.5892716200640633, -0.758952273026327, -0.8986132354389722]
0.8986132354389722
<end of output>
Test time =   0.17 sec
----------------------------------------------------------
Test Failed.
"analyze_functional_CompMin3D_Krino_bracket_Gradient_Check" end time: Jun 11 16:03 MDT
"analyze_functional_CompMin3D_Krino_bracket_Gradient_Check" time elapsed: 00:00:00
----------------------------------------------------------

End testing: Jun 11 16:03 MDT
